#
# A fatal error has been detected by the Java Runtime Environment:
#
#  EXCEPTION_ACCESS_VIOLATION (0xc0000005) at pc=0x00007ffd144d1b85, pid=10036, tid=23820
#
# JRE version:  (23.0.1+11) (build )
# Java VM: Java HotSpot(TM) 64-Bit Server VM (23.0.1+11-39, mixed mode, sharing, tiered, compressed class ptrs, unknown gc, windows-amd64)
# Problematic frame:
# C  [jimage.dll+0x1b85]
#
# No core dump will be written. Minidumps are not enabled by default on client versions of Windows
#
#

---------------  S U M M A R Y ------------

Command Line: 

Host: 11th Gen Intel(R) Core(TM) i3-1115G4 @ 3.00GHz, 4 cores, 3G,  Windows 11 , 64 bit Build 22621 (10.0.22621.5262)
Time: Wed May 28 11:55:44 2025 W. Central Africa Standard Time elapsed time: 0.154235 seconds (0d 0h 0m 0s)

---------------  T H R E A D  ---------------

Current thread is native thread

Stack: [0x000000e3e3e00000,0x000000e3e3f00000],  sp=0x000000e3e3efdec0,  free space=1015k
Native frames: (J=compiled Java code, j=interpreted, Vv=VM code, C=native code)
C  [jimage.dll+0x1b85]  (no source info available)
C  [jimage.dll+0x1d13]  (no source info available)
C  [jimage.dll+0x25dd]  (no source info available)
V  [jvm.dll+0x219f52]  (no source info available)
V  [jvm.dll+0xbfa50]  (no source info available)
V  [jvm.dll+0x82cf7c]  (no source info available)
V  [jvm.dll+0x454d4e]  (no source info available)
V  [jvm.dll+0x456bd1]  (no source info available)
C  [jli.dll+0x52a3]  (no source info available)
C  [ucrtbase.dll+0x29333]  (no source info available)
C  [KERNEL32.DLL+0x1259d]  (no source info available)
C  [ntdll.dll+0x5af58]  (no source info available)


siginfo: EXCEPTION_ACCESS_VIOLATION (0xc0000005), reading address 0x00000000000155cc


Registers:
RAX=0x000000000000556c, RBX=0x000000e3e3efdfb1, RCX=0x00007ffd144d6000, RDX=0x000000000000556c
RSP=0x000000e3e3efdec0, RBP=0x000000e3e3efdfb0, RSI=0x00000000000076f0, RDI=0x000000e3e3efdfb0
R8 =0x00007ffd144d4298, R9 =0x000000000000001c, R10=0x00007ffd11df0000, R11=0x00007ffd144d6000
R12=0x0000000000000000, R13=0x000000e3e3effa20, R14=0x000000e3e3eff020, R15=0x00007ffcc70fc8a8
RIP=0x00007ffd144d1b85, EFLAGS=0x0000000000010246


Top of Stack: (sp=0x000000e3e3efdec0)
0x000000e3e3efdec0:   0000000000000000 0000000000000000
0x000000e3e3efded0:   0000000000000000 0000000000000000
0x000000e3e3efdee0:   000002a84c984de0 00007ffd144d1d13
0x000000e3e3efdef0:   000000000000000b 000002a84c984de0
0x000000e3e3efdf00:   0000000000000000 0000000000000000
0x000000e3e3efdf10:   0000000000000000 0000000000000000
0x000000e3e3efdf20:   0000000000000000 0000000000000000
0x000000e3e3efdf30:   0000000000000000 0000000000000000
0x000000e3e3efdf40:   0000000000000000 0000000000000000
0x000000e3e3efdf50:   00003c454dff9f43 0000000000000000
0x000000e3e3efdf60:   00007ffcc70da700 0000000000000017
0x000000e3e3efdf70:   000002a84c984de0 000000e3e3eff020
0x000000e3e3efdf80:   000000000000000b 00007ffd144d25dd
0x000000e3e3efdf90:   0000000000000000 0000000000000000
0x000000e3e3efdfa0:   0000000000000000 0000000000000000
0x000000e3e3efdfb0:   61622e6176616a2f 692f6b646a2f6573
0x000000e3e3efdfc0:   2f6c616e7265746e 6f6974706f2f6d76
0x000000e3e3efdfd0:   000000000000736e 0000000000000000
0x000000e3e3efdfe0:   0000000000000000 0000000000000000
0x000000e3e3efdff0:   0000000000000000 0000000000000000
0x000000e3e3efe000:   0000000000000000 0000000000000000
0x000000e3e3efe010:   0000000000000000 0000000000000000
0x000000e3e3efe020:   0000000000000000 0000000000000000
0x000000e3e3efe030:   0000000000000000 0000000000000000
0x000000e3e3efe040:   0000000000000000 0000000000000000
0x000000e3e3efe050:   0000000000000000 0000000000000000
0x000000e3e3efe060:   0000000000000000 0000000000000000
0x000000e3e3efe070:   0000000000000000 0000000000000000
0x000000e3e3efe080:   0000000000000000 00000000b90002bb
0x000000e3e3efe090:   000002a84eba9420 00007ffd2282f986
0x000000e3e3efe0a0:   000002a84c960000 000000e3e3efe399
0x000000e3e3efe0b0:   000002a84ca5b370 000002a84ca5b380 

Instructions: (pc=0x00007ffd144d1b85)
0x00007ffd144d1a85:   48 85 c9 74 1d 80 3d 7f 45 00 00 00 74 06 48 8b
0x00007ffd144d1a95:   53 18 eb 04 48 8b 53 40 e8 9a 0e 00 00 48 83 63
0x00007ffd144d1aa5:   48 00 8b 4b 0c 83 f9 ff 74 09 e8 d0 0c 00 00 83
0x00007ffd144d1ab5:   4b 0c ff 48 8b 4b 70 48 85 c9 74 0f ba 10 00 00
0x00007ffd144d1ac5:   00 e8 f1 0e 00 00 48 83 63 70 00 48 83 c4 20 5b
0x00007ffd144d1ad5:   c3 cc cc 40 53 48 83 ec 20 48 8b d9 48 8d 0d 38
0x00007ffd144d1ae5:   47 00 00 e8 9f 0c 00 00 83 6b 08 01 75 24 48 8b
0x00007ffd144d1af5:   d3 48 8d 0d 1b 45 00 00 e8 22 08 00 00 48 8b cb
0x00007ffd144d1b05:   e8 d6 fe ff ff ba 78 00 00 00 48 8b cb e8 a5 0e
0x00007ffd144d1b15:   00 00 48 8d 0d 02 47 00 00 48 83 c4 20 5b e9 6c
0x00007ffd144d1b25:   0c 00 00 48 89 5c 24 08 48 89 74 24 10 57 48 83
0x00007ffd144d1b35:   ec 20 41 8b f1 4d 8b c8 48 8b fa 4c 8b d9 4d 85
0x00007ffd144d1b45:   c0 74 78 85 f6 74 74 44 8a 12 48 8d 5a 01 48 8b
0x00007ffd144d1b55:   d3 b8 93 01 00 01 eb 12 69 c0 93 01 00 01 41 0f
0x00007ffd144d1b65:   b6 ca 44 8a 12 33 c1 48 ff c2 45 84 d2 75 e9 4d
0x00007ffd144d1b75:   8b 03 0f ba f0 1f 33 d2 49 8b cb f7 f6 48 63 c2
0x00007ffd144d1b85:   41 8b 14 81 41 ff 50 08 85 c0 7e 24 8a 0f eb 10
0x00007ffd144d1b95:   69 c0 93 01 00 01 0f b6 c9 33 c1 8a 0b 48 ff c3
0x00007ffd144d1ba5:   84 c9 75 ec 0f ba f0 1f 33 d2 f7 f6 8b c2 eb 0e
0x00007ffd144d1bb5:   79 09 83 c9 ff 2b c8 8b c1 eb 03 83 c8 ff 48 8b
0x00007ffd144d1bc5:   5c 24 30 48 8b 74 24 38 48 83 c4 20 5f c3 cc 48
0x00007ffd144d1bd5:   89 5c 24 08 48 89 74 24 10 57 48 83 ec 20 48 8b
0x00007ffd144d1be5:   f1 48 8d 0d 33 46 00 00 e8 9a 0b 00 00 33 ff 39
0x00007ffd144d1bf5:   3d 1e 44 00 00 76 24 48 8b 05 1d 44 00 00 48 8b
0x00007ffd144d1c05:   d6 48 8b 1c f8 48 8b 0b e8 68 1e 00 00 85 c0 74
0x00007ffd144d1c15:   2b ff c7 3b 3d fa 43 00 00 72 dc 33 db 48 8d 0d
0x00007ffd144d1c25:   f7 45 00 00 e8 66 0b 00 00 48 8b 74 24 38 48 8b
0x00007ffd144d1c35:   c3 48 8b 5c 24 30 48 83 c4 20 5f c3 ff 43 08 eb
0x00007ffd144d1c45:   dc cc cc 48 89 5c 24 08 48 89 74 24 10 57 48 83
0x00007ffd144d1c55:   ec 20 48 8b d9 48 8b f2 48 8b 49 10 49 8b f8 8b
0x00007ffd144d1c65:   53 30 48 8b 01 ff 50 20 4c 8b 43 50 48 8b d6 48
0x00007ffd144d1c75:   8b 4b 10 44 8b c8 e8 a8 fe ff ff 83 f8 ff 74 38 



---------------  P R O C E S S  ---------------

VM state: not at safepoint (not fully initialized)

VM Mutex/Monitor currently owned by a thread: None

CDS archive(s) mapped at: [0x0000000000000000-0x0000000000000000-0x0000000000000000), size 0, SharedBaseAddress: 0x0000000800000000, ArchiveRelocationMode: 1.
Narrow klass base: 0x0000000000000000, Narrow klass shift: 0, Narrow klass range: 0x0

GC Precious Log:
<Not initialized>


Dynamic libraries:
0x00007ff643c80000 - 0x00007ff643c90000 	C:\Users\user pc\Documents\jdk-23.0.1\bin\java.exe
0x00007ffd227f0000 - 0x00007ffd22a07000 	C:\Windows\SYSTEM32\ntdll.dll
0x00007ffcf4940000 - 0x00007ffcf495b000 	C:\Program Files\Avast Software\Avast\aswhook.dll
0x00007ffd215e0000 - 0x00007ffd216a4000 	C:\Windows\System32\KERNEL32.DLL
0x00007ffd1fd40000 - 0x00007ffd20113000 	C:\Windows\System32\KERNELBASE.dll
0x00007ffd11df0000 - 0x00007ffd11e0b000 	C:\Users\user pc\Documents\jdk-23.0.1\bin\VCRUNTIME140.dll
0x00007ffd15920000 - 0x00007ffd15937000 	C:\Users\user pc\Documents\jdk-23.0.1\bin\jli.dll
0x00007ffd1f8e0000 - 0x00007ffd1f9f1000 	C:\Windows\System32\ucrtbase.dll
0x00007ffd21ae0000 - 0x00007ffd21c91000 	C:\Windows\System32\USER32.dll
0x00007ffd1fa00000 - 0x00007ffd1fa26000 	C:\Windows\System32\win32u.dll
0x00007ffcf4460000 - 0x00007ffcf46fb000 	C:\Windows\WinSxS\amd64_microsoft.windows.common-controls_6595b64144ccf1df_6.0.22621.5262_none_2712bde373830908\COMCTL32.dll
0x00007ffd226a0000 - 0x00007ffd226c9000 	C:\Windows\System32\GDI32.dll
0x00007ffd1fab0000 - 0x00007ffd1fbd2000 	C:\Windows\System32\gdi32full.dll
0x00007ffd205b0000 - 0x00007ffd20657000 	C:\Windows\System32\msvcrt.dll
0x00007ffd1fbe0000 - 0x00007ffd1fc7a000 	C:\Windows\System32\msvcp_win.dll
0x00007ffd22660000 - 0x00007ffd22691000 	C:\Windows\System32\IMM32.DLL
0x00007ffd14880000 - 0x00007ffd1488c000 	C:\Users\user pc\Documents\jdk-23.0.1\bin\vcruntime140_1.dll
0x00007ffcfb040000 - 0x00007ffcfb0ce000 	C:\Users\user pc\Documents\jdk-23.0.1\bin\msvcp140.dll
0x00007ffcc6720000 - 0x00007ffcc746f000 	C:\Users\user pc\Documents\jdk-23.0.1\bin\server\jvm.dll
0x00007ffd21340000 - 0x00007ffd213f1000 	C:\Windows\System32\ADVAPI32.dll
0x00007ffd21ca0000 - 0x00007ffd21d47000 	C:\Windows\System32\sechost.dll
0x00007ffd20120000 - 0x00007ffd20148000 	C:\Windows\System32\bcrypt.dll
0x00007ffd217c0000 - 0x00007ffd218d4000 	C:\Windows\System32\RPCRT4.dll
0x00007ffd22730000 - 0x00007ffd227a1000 	C:\Windows\System32\WS2_32.dll
0x00007ffd16940000 - 0x00007ffd16974000 	C:\Windows\SYSTEM32\WINMM.dll
0x00007ffd16510000 - 0x00007ffd1651a000 	C:\Windows\SYSTEM32\VERSION.dll
0x00007ffd1f7b0000 - 0x00007ffd1f7fd000 	C:\Windows\SYSTEM32\POWRPROF.dll
0x00007ffd1f790000 - 0x00007ffd1f7a3000 	C:\Windows\SYSTEM32\UMPDC.dll
0x00007ffd1e8e0000 - 0x00007ffd1e8f8000 	C:\Windows\SYSTEM32\kernel.appcore.dll
0x00007ffd144d0000 - 0x00007ffd144da000 	C:\Users\user pc\Documents\jdk-23.0.1\bin\jimage.dll
0x00007ffd1d390000 - 0x00007ffd1d5c2000 	C:\Windows\SYSTEM32\DBGHELP.DLL
0x00007ffd20700000 - 0x00007ffd20a93000 	C:\Windows\System32\combase.dll
0x00007ffd218f0000 - 0x00007ffd219c7000 	C:\Windows\System32\OLEAUT32.dll
0x00007ffd14fb0000 - 0x00007ffd14fe2000 	C:\Windows\SYSTEM32\dbgcore.DLL
0x00007ffd20290000 - 0x00007ffd2030b000 	C:\Windows\System32\bcryptPrimitives.dll

dbghelp: loaded successfully - version: 4.0.5 - missing functions: none
symbol engine: initialized successfully - sym options: 0x614 - pdb path: .;C:\Users\user pc\Documents\jdk-23.0.1\bin;C:\Windows\SYSTEM32;C:\Program Files\Avast Software\Avast;C:\Windows\WinSxS\amd64_microsoft.windows.common-controls_6595b64144ccf1df_6.0.22621.5262_none_2712bde373830908;C:\Users\user pc\Documents\jdk-23.0.1\bin\server

VM Arguments:
java_command: <unknown>
java_class_path (initial): <not set>
Launcher Type: SUN_STANDARD

[Global flags]
     bool UseLargePagesIndividualAllocation        = false                                  {pd product} {ergonomic}

Logging:
Log output configuration:
 #0: stdout all=warning uptime,level,tags foldmultilines=false
 #1: stderr all=off uptime,level,tags foldmultilines=false

Environment Variables:
JAVA_HOME=C:\Users\user pc\Documents\jdk-23.0.1
PATH=C:\Python312\Scripts\;C:\Python312\;C:\Windows\system32;C:\Windows;C:\Windows\System32\Wbem;C:\Windows\System32\WindowsPowerShell\v1.0\;C:\Windows\System32\OpenSSH\;C:\Program Files\nodejs\;C:\ProgramData\chocolatey\bin;C:\Program Files\Git\cmd;C:\Program Files\dotnet\;C:\Program Files\Microsoft SQL Server\130\Tools\Binn\;C:\Program Files\Microsoft SQL Server\Client SDK\ODBC\170\Tools\Binn\;C:\New folder\ffmpeg-7.1-essentials_build\ffmpeg-7.1-essentials_build;C:\php;C:\Program Files\MySQL\MySQL Server 8.0\bin;C:\Program Files\Java\jdk-23.0.1\bin;C:\Program Files\Java\jdk-23.0.1\bin;C:\Program Files\Maven\apache-maven-3.9.9\bin;C:\Program Files\MySQL\MySQL Shell 8.0\bin\;C:\Users\user pc\AppData\Local\Programs\Python\Python313\Scripts\;C:\Users\user pc\AppData\Local\Programs\Python\Python313\;C:\Users\user pc\AppData\Local\Microsoft\WindowsApps;C:\Users\user pc\AppData\Local\Programs\Microsoft VS Code\bin;C:\Users\user pc\AppData\Roaming\npm;C:\ProgramData\user pc\GitHubDesktop\bin
USERNAME=user pc
OS=Windows_NT
PROCESSOR_IDENTIFIER=Intel64 Family 6 Model 140 Stepping 1, GenuineIntel
TMP=C:\Users\USERPC~1\AppData\Local\Temp
TEMP=C:\Users\USERPC~1\AppData\Local\Temp




Periodic native trim disabled

---------------  S Y S T E M  ---------------

OS:
 Windows 11 , 64 bit Build 22621 (10.0.22621.5262)
OS uptime: 1 days 1:52 hours

CPU: total 4 (initial active 0) 
Processor Information for processor 0
  Max Mhz: 2901, Current Mhz: 2901, Mhz Limit: 2901
Processor Information for processor 1
  Max Mhz: 2901, Current Mhz: 1100, Mhz Limit: 2901
Processor Information for processor 2
  Max Mhz: 2901, Current Mhz: 1100, Mhz Limit: 2901
Processor Information for processor 3
  Max Mhz: 2901, Current Mhz: 1100, Mhz Limit: 2901

Memory: 4k page, system-wide physical 3738M (468M free)
TotalPageFile size 9944M (AvailPageFile size 0M)
current process WorkingSet (physical memory assigned to process): 8M, peak: 8M
current process commit charge ("private bytes"): 3M, peak: 3M

vm_info: Java HotSpot(TM) 64-Bit Server VM (23.0.1+11-39) for windows-amd64 JRE (23.0.1+11-39), built on 2024-09-30T07:20:43Z with MS VC++ 17.6 (VS2022)

END.
