#
# There is insufficient memory for the Java Runtime Environment to continue.
# Native memory allocation (malloc) failed to allocate 1682224 bytes. Error detail: Chunk::new
# Possible reasons:
#   The system is out of physical RAM or swap space
#   This process is running with CompressedOops enabled, and the Java Heap may be blocking the growth of the native heap
# Possible solutions:
#   Reduce memory load on the system
#   Increase physical memory or swap space
#   Check if swap backing store is full
#   Decrease Java heap size (-Xmx/-Xms)
#   Decrease number of Java threads
#   Decrease Java thread stack sizes (-Xss)
#   Set larger code cache with -XX:ReservedCodeCacheSize=
#   JVM is running with Unscaled Compressed Oops mode in which the Java heap is
#     placed in the first 4GB address space. The Java Heap base address is the
#     maximum limit for the native heap growth. Please use -XX:HeapBaseMinAddress
#     to set the Java Heap base and to place the Java Heap above 4GB virtual address.
# This output file may be truncated or incomplete.
#
#  Out of Memory Error (arena.cpp:149), pid=20904, tid=8828
#
# JRE version: Java(TM) SE Runtime Environment (23.0.1+11) (build 23.0.1+11-39)
# Java VM: Java HotSpot(TM) 64-Bit Server VM (23.0.1+11-39, mixed mode, sharing, tiered, compressed oops, compressed class ptrs, g1 gc, windows-amd64)
# No core dump will be written. Minidumps are not enabled by default on client versions of Windows
#

---------------  S U M M A R Y ------------

Command Line: -Dclassworlds.conf=C:\Program Files\NetBeans-23\netbeans\java\maven\bin\m2.conf -Dmaven.home=C:\Program Files\NetBeans-23\netbeans\java\maven -Dlibrary.jansi.path=C:\Program Files\NetBeans-23\netbeans\java\maven\lib\jansi-native -Dmaven.multiModuleProjectDirectory=C:\Users\user pc\Documents\NetBeansProjects\project org.codehaus.plexus.classworlds.launcher.Launcher -Dexec.vmArgs= -Dexec.args=${exec.vmArgs} -classpath %classpath ${exec.mainClass} ${exec.appArgs} -Dexec.appArgs= -Dexec.mainClass=com.mycompany.project.Main -Dexec.executable=C:\Users\user pc\Documents\jdk-23.0.1\bin\java.exe -Dmaven.ext.class.path=C:\Program Files\NetBeans-23\netbeans\java\maven-nblib\netbeans-eventspy.jar --no-transfer-progress process-classes org.codehaus.mojo:exec-maven-plugin:3.1.0:exec

Host: 11th Gen Intel(R) Core(TM) i3-1115G4 @ 3.00GHz, 4 cores, 3G,  Windows 11 , 64 bit Build 22621 (10.0.22621.5262)
Time: Wed May 28 12:01:04 2025 W. Central Africa Standard Time elapsed time: 4.108799 seconds (0d 0h 0m 4s)

---------------  T H R E A D  ---------------

Current thread (0x00000280b350adf0):  JavaThread "C2 CompilerThread0" daemon [_thread_in_native, id=8828, stack(0x0000009f17d00000,0x0000009f17e00000) (1024K)]


Current CompileTask:
C2:4108 4736   !   4       com.sun.tools.javac.parser.JavaTokenizer::readToken (1839 bytes)

Stack: [0x0000009f17d00000,0x0000009f17e00000]
Native frames: (J=compiled Java code, j=interpreted, Vv=VM code, C=native code)
V  [jvm.dll+0x6e08b9]  (no source info available)
V  [jvm.dll+0x87dc83]  (no source info available)
V  [jvm.dll+0x88010e]  (no source info available)
V  [jvm.dll+0x8807e3]  (no source info available)
V  [jvm.dll+0x27aee6]  (no source info available)
V  [jvm.dll+0xbc06f]  (no source info available)
V  [jvm.dll+0xbc2cb]  (no source info available)
V  [jvm.dll+0x3b3a9c]  (no source info available)
V  [jvm.dll+0x38a42b]  (no source info available)
V  [jvm.dll+0x38989a]  (no source info available)
V  [jvm.dll+0x244aa1]  (no source info available)
V  [jvm.dll+0x243dff]  (no source info available)
V  [jvm.dll+0x1c33a0]  (no source info available)
V  [jvm.dll+0x253cf1]  (no source info available)
V  [jvm.dll+0x251faa]  (no source info available)
V  [jvm.dll+0x3ee036]  (no source info available)
V  [jvm.dll+0x824f8b]  (no source info available)
V  [jvm.dll+0x6df065]  (no source info available)
C  [ucrtbase.dll+0x29333]  (no source info available)
C  [KERNEL32.DLL+0x1259d]  (no source info available)
C  [ntdll.dll+0x5af58]  (no source info available)

Lock stack of current Java thread (top to bottom):


---------------  P R O C E S S  ---------------

Threads class SMR info:
_java_thread_list=0x00000280b36b00f0, length=11, elements={
0x00000280987d5780, 0x00000280b34fa850, 0x00000280b34fb570, 0x00000280b34fdb30,
0x00000280b34ff690, 0x00000280b35013b0, 0x00000280b35026a0, 0x00000280b350adf0,
0x00000280b350c740, 0x00000280b36a07e0, 0x00000280b36a8ad0
}

Java Threads: ( => current thread )
  0x00000280987d5780 JavaThread "main"                              [_thread_in_vm, id=13060, stack(0x0000009f16f00000,0x0000009f17000000) (1024K)]
  0x00000280b34fa850 JavaThread "Reference Handler"          daemon [_thread_blocked, id=19308, stack(0x0000009f17700000,0x0000009f17800000) (1024K)]
  0x00000280b34fb570 JavaThread "Finalizer"                  daemon [_thread_blocked, id=21024, stack(0x0000009f17800000,0x0000009f17900000) (1024K)]
  0x00000280b34fdb30 JavaThread "Signal Dispatcher"          daemon [_thread_blocked, id=11872, stack(0x0000009f17900000,0x0000009f17a00000) (1024K)]
  0x00000280b34ff690 JavaThread "Attach Listener"            daemon [_thread_blocked, id=19516, stack(0x0000009f17a00000,0x0000009f17b00000) (1024K)]
  0x00000280b35013b0 JavaThread "Service Thread"             daemon [_thread_blocked, id=17464, stack(0x0000009f17b00000,0x0000009f17c00000) (1024K)]
  0x00000280b35026a0 JavaThread "Monitor Deflation Thread"   daemon [_thread_blocked, id=23460, stack(0x0000009f17c00000,0x0000009f17d00000) (1024K)]
=>0x00000280b350adf0 JavaThread "C2 CompilerThread0"         daemon [_thread_in_native, id=8828, stack(0x0000009f17d00000,0x0000009f17e00000) (1024K)]
  0x00000280b350c740 JavaThread "C1 CompilerThread0"         daemon [_thread_in_native, id=8980, stack(0x0000009f17e00000,0x0000009f17f00000) (1024K)]
  0x00000280b36a07e0 JavaThread "Notification Thread"        daemon [_thread_blocked, id=24092, stack(0x0000009f17f00000,0x0000009f18000000) (1024K)]
  0x00000280b36a8ad0 JavaThread "Common-Cleaner"             daemon [_thread_blocked, id=22072, stack(0x0000009f18000000,0x0000009f18100000) (1024K)]
Total: 11

Other Threads:
  0x00000280b34e2370 VMThread "VM Thread"                           [id=23620, stack(0x0000009f17600000,0x0000009f17700000) (1024K)]
  0x0000028098883ba0 WatcherThread "VM Periodic Task Thread"        [id=18520, stack(0x0000009f17500000,0x0000009f17600000) (1024K)]
  0x0000028098809c80 WorkerThread "GC Thread#0"                     [id=20852, stack(0x0000009f17000000,0x0000009f17100000) (1024K)]
  0x00000280f9771ec0 WorkerThread "GC Thread#1"                     [id=15184, stack(0x0000009f18100000,0x0000009f18200000) (1024K)]
  0x00000280f9795a20 WorkerThread "GC Thread#2"                     [id=16512, stack(0x0000009f18200000,0x0000009f18300000) (1024K)]
  0x00000280f97a76f0 WorkerThread "GC Thread#3"                     [id=19256, stack(0x0000009f18300000,0x0000009f18400000) (1024K)]
  0x00000280988150d0 ConcurrentGCThread "G1 Main Marker"            [id=6512, stack(0x0000009f17100000,0x0000009f17200000) (1024K)]
  0x0000028098816380 WorkerThread "G1 Conc#0"                       [id=19196, stack(0x0000009f17200000,0x0000009f17300000) (1024K)]
  0x0000028098870cc0 ConcurrentGCThread "G1 Refine#0"               [id=22160, stack(0x0000009f17300000,0x0000009f17400000) (1024K)]
  0x0000028098874d70 ConcurrentGCThread "G1 Service"                [id=20672, stack(0x0000009f17400000,0x0000009f17500000) (1024K)]
Total: 10

Threads with active compile tasks:
C2 CompilerThread0  4202 4736   !   4       com.sun.tools.javac.parser.JavaTokenizer::readToken (1839 bytes)
C1 CompilerThread0  4202 5172       1       com.sun.tools.javac.code.Type$JCPrimitiveType::getTag (5 bytes)
Total: 2

VM state: not at safepoint (normal execution)

VM Mutex/Monitor currently owned by a thread: None

Heap address: 0x00000000c5800000, size: 936 MB, Compressed Oops mode: 32-bit

CDS archive(s) mapped at: [0x00000280b4000000-0x00000280b4d70000-0x00000280b4d70000), size 14090240, SharedBaseAddress: 0x00000280b4000000, ArchiveRelocationMode: 1.
Compressed class space mapped at: 0x00000280b5000000-0x00000280f5000000, reserved size: 1073741824
Narrow klass base: 0x00000280b4000000, Narrow klass shift: 0, Narrow klass range: 0x41000000

GC Precious Log:
 CardTable entry size: 512
 Card Set container configuration: InlinePtr #cards 5 size 8 Array Of Cards #cards 10 size 36 Howl #buckets 4 coarsen threshold 1843 Howl Bitmap #cards 512 size 80 coarsen threshold 460 Card regions per heap region 1 cards per card region 2048
 CPUs: 4 total, 4 available
 Memory: 3738M
 Large Page Support: Disabled
 NUMA Support: Disabled
 Compressed Oops: Enabled (32-bit)
 Heap Region Size: 1M
 Heap Min Capacity: 8M
 Heap Initial Capacity: 60M
 Heap Max Capacity: 936M
 Pre-touch: Disabled
 Parallel Workers: 4
 Concurrent Workers: 1
 Concurrent Refinement Workers: 4
 Periodic GC: Disabled

Heap:
 garbage-first heap   total reserved 958464K, committed 65536K, used 45976K [0x00000000c5800000, 0x0000000100000000)
  region size 1024K, 32 young (32768K), 5 survivors (5120K)
 Metaspace       used 25769K, committed 26176K, reserved 1114112K
  class space    used 3121K, committed 3328K, reserved 1048576K

Heap Regions: E=young(eden), S=young(survivor), O=old, HS=humongous(starts), HC=humongous(continues), CS=collection set, F=free, TAMS=top-at-mark-start, PB=parsable bottom
|   0|0x00000000c5800000, 0x00000000c5900000, 0x00000000c5900000|100%| O|  |TAMS 0x00000000c5800000| PB 0x00000000c5800000| Untracked |  0
|   1|0x00000000c5900000, 0x00000000c5a00000, 0x00000000c5a00000|100%| O|  |TAMS 0x00000000c5900000| PB 0x00000000c5900000| Untracked |  0
|   2|0x00000000c5a00000, 0x00000000c5b00000, 0x00000000c5b00000|100%| O|  |TAMS 0x00000000c5a00000| PB 0x00000000c5a00000| Untracked |  0
|   3|0x00000000c5b00000, 0x00000000c5c00000, 0x00000000c5c00000|100%| O|  |TAMS 0x00000000c5b00000| PB 0x00000000c5b00000| Untracked |  0
|   4|0x00000000c5c00000, 0x00000000c5d00000, 0x00000000c5d00000|100%| O|  |TAMS 0x00000000c5c00000| PB 0x00000000c5c00000| Untracked |  0
|   5|0x00000000c5d00000, 0x00000000c5e00000, 0x00000000c5e00000|100%| O|Cm|TAMS 0x00000000c5d00000| PB 0x00000000c5d00000| Complete |  0
|   6|0x00000000c5e00000, 0x00000000c5f00000, 0x00000000c5f00000|100%|HS|  |TAMS 0x00000000c5e00000| PB 0x00000000c5e00000| Complete |  0
|   7|0x00000000c5f00000, 0x00000000c6000000, 0x00000000c6000000|100%|HC|  |TAMS 0x00000000c5f00000| PB 0x00000000c5f00000| Complete |  0
|   8|0x00000000c6000000, 0x00000000c6100000, 0x00000000c6100000|100%|HS|  |TAMS 0x00000000c6000000| PB 0x00000000c6000000| Complete |  0
|   9|0x00000000c6100000, 0x00000000c6200000, 0x00000000c6200000|100%|HC|  |TAMS 0x00000000c6100000| PB 0x00000000c6100000| Complete |  0
|  10|0x00000000c6200000, 0x00000000c6300000, 0x00000000c6300000|100%| O|  |TAMS 0x00000000c6200000| PB 0x00000000c6200000| Untracked |  0
|  11|0x00000000c6300000, 0x00000000c6400000, 0x00000000c6400000|100%| O|  |TAMS 0x00000000c6300000| PB 0x00000000c6300000| Untracked |  0
|  12|0x00000000c6400000, 0x00000000c6500000, 0x00000000c6500000|100%| O|  |TAMS 0x00000000c6400000| PB 0x00000000c6400000| Untracked |  0
|  13|0x00000000c6500000, 0x00000000c65e62b0, 0x00000000c6600000| 89%| O|  |TAMS 0x00000000c6500000| PB 0x00000000c6500000| Untracked |  0
|  14|0x00000000c6600000, 0x00000000c6600000, 0x00000000c6700000|  0%| F|  |TAMS 0x00000000c6600000| PB 0x00000000c6600000| Untracked |  0
|  15|0x00000000c6700000, 0x00000000c6700000, 0x00000000c6800000|  0%| F|  |TAMS 0x00000000c6700000| PB 0x00000000c6700000| Untracked |  0
|  16|0x00000000c6800000, 0x00000000c6800000, 0x00000000c6900000|  0%| F|  |TAMS 0x00000000c6800000| PB 0x00000000c6800000| Untracked |  0
|  17|0x00000000c6900000, 0x00000000c6900000, 0x00000000c6a00000|  0%| F|  |TAMS 0x00000000c6900000| PB 0x00000000c6900000| Untracked |  0
|  18|0x00000000c6a00000, 0x00000000c6a00000, 0x00000000c6b00000|  0%| F|  |TAMS 0x00000000c6a00000| PB 0x00000000c6a00000| Untracked |  0
|  19|0x00000000c6b00000, 0x00000000c6b00000, 0x00000000c6c00000|  0%| F|  |TAMS 0x00000000c6b00000| PB 0x00000000c6b00000| Untracked |  0
|  20|0x00000000c6c00000, 0x00000000c6c00000, 0x00000000c6d00000|  0%| F|  |TAMS 0x00000000c6c00000| PB 0x00000000c6c00000| Untracked |  0
|  21|0x00000000c6d00000, 0x00000000c6d00000, 0x00000000c6e00000|  0%| F|  |TAMS 0x00000000c6d00000| PB 0x00000000c6d00000| Untracked |  0
|  22|0x00000000c6e00000, 0x00000000c6e00000, 0x00000000c6f00000|  0%| F|  |TAMS 0x00000000c6e00000| PB 0x00000000c6e00000| Untracked |  0
|  23|0x00000000c6f00000, 0x00000000c6f00000, 0x00000000c7000000|  0%| F|  |TAMS 0x00000000c6f00000| PB 0x00000000c6f00000| Untracked |  0
|  24|0x00000000c7000000, 0x00000000c7000000, 0x00000000c7100000|  0%| F|  |TAMS 0x00000000c7000000| PB 0x00000000c7000000| Untracked |  0
|  25|0x00000000c7100000, 0x00000000c7100000, 0x00000000c7200000|  0%| F|  |TAMS 0x00000000c7100000| PB 0x00000000c7100000| Untracked |  0
|  26|0x00000000c7200000, 0x00000000c7200000, 0x00000000c7300000|  0%| F|  |TAMS 0x00000000c7200000| PB 0x00000000c7200000| Untracked |  0
|  27|0x00000000c7300000, 0x00000000c7300000, 0x00000000c7400000|  0%| F|  |TAMS 0x00000000c7300000| PB 0x00000000c7300000| Untracked |  0
|  28|0x00000000c7400000, 0x00000000c7400000, 0x00000000c7500000|  0%| F|  |TAMS 0x00000000c7400000| PB 0x00000000c7400000| Untracked |  0
|  29|0x00000000c7500000, 0x00000000c7500000, 0x00000000c7600000|  0%| F|  |TAMS 0x00000000c7500000| PB 0x00000000c7500000| Untracked |  0
|  30|0x00000000c7600000, 0x00000000c7600000, 0x00000000c7700000|  0%| F|  |TAMS 0x00000000c7600000| PB 0x00000000c7600000| Untracked |  0
|  31|0x00000000c7700000, 0x00000000c7700000, 0x00000000c7800000|  0%| F|  |TAMS 0x00000000c7700000| PB 0x00000000c7700000| Untracked |  0
|  32|0x00000000c7800000, 0x00000000c7880000, 0x00000000c7900000| 50%| E|  |TAMS 0x00000000c7800000| PB 0x00000000c7800000| Complete |  1
|  33|0x00000000c7900000, 0x00000000c7a00000, 0x00000000c7a00000|100%| S|CS|TAMS 0x00000000c7900000| PB 0x00000000c7900000| Complete |  0
|  34|0x00000000c7a00000, 0x00000000c7b00000, 0x00000000c7b00000|100%| S|CS|TAMS 0x00000000c7a00000| PB 0x00000000c7a00000| Complete |  0
|  35|0x00000000c7b00000, 0x00000000c7c00000, 0x00000000c7c00000|100%| S|CS|TAMS 0x00000000c7b00000| PB 0x00000000c7b00000| Complete |  0
|  36|0x00000000c7c00000, 0x00000000c7d00000, 0x00000000c7d00000|100%| S|CS|TAMS 0x00000000c7c00000| PB 0x00000000c7c00000| Complete |  0
|  37|0x00000000c7d00000, 0x00000000c7e00000, 0x00000000c7e00000|100%| S|CS|TAMS 0x00000000c7d00000| PB 0x00000000c7d00000| Complete |  0
|  38|0x00000000c7e00000, 0x00000000c7f00000, 0x00000000c7f00000|100%| E|CS|TAMS 0x00000000c7e00000| PB 0x00000000c7e00000| Complete |  0
|  39|0x00000000c7f00000, 0x00000000c8000000, 0x00000000c8000000|100%| E|CS|TAMS 0x00000000c7f00000| PB 0x00000000c7f00000| Complete |  0
|  40|0x00000000c8000000, 0x00000000c8100000, 0x00000000c8100000|100%| E|CS|TAMS 0x00000000c8000000| PB 0x00000000c8000000| Complete |  0
|  41|0x00000000c8100000, 0x00000000c8200000, 0x00000000c8200000|100%| E|CS|TAMS 0x00000000c8100000| PB 0x00000000c8100000| Complete |  0
|  42|0x00000000c8200000, 0x00000000c8300000, 0x00000000c8300000|100%| E|CS|TAMS 0x00000000c8200000| PB 0x00000000c8200000| Complete |  0
|  43|0x00000000c8300000, 0x00000000c8400000, 0x00000000c8400000|100%| E|CS|TAMS 0x00000000c8300000| PB 0x00000000c8300000| Complete |  0
|  44|0x00000000c8400000, 0x00000000c8500000, 0x00000000c8500000|100%| E|CS|TAMS 0x00000000c8400000| PB 0x00000000c8400000| Complete |  0
|  45|0x00000000c8500000, 0x00000000c8600000, 0x00000000c8600000|100%| E|CS|TAMS 0x00000000c8500000| PB 0x00000000c8500000| Complete |  0
|  46|0x00000000c8600000, 0x00000000c8700000, 0x00000000c8700000|100%| E|CS|TAMS 0x00000000c8600000| PB 0x00000000c8600000| Complete |  0
|  47|0x00000000c8700000, 0x00000000c8800000, 0x00000000c8800000|100%| E|CS|TAMS 0x00000000c8700000| PB 0x00000000c8700000| Complete |  0
|  48|0x00000000c8800000, 0x00000000c8900000, 0x00000000c8900000|100%| E|CS|TAMS 0x00000000c8800000| PB 0x00000000c8800000| Complete |  0
|  49|0x00000000c8900000, 0x00000000c8a00000, 0x00000000c8a00000|100%| E|CS|TAMS 0x00000000c8900000| PB 0x00000000c8900000| Complete |  0
|  50|0x00000000c8a00000, 0x00000000c8b00000, 0x00000000c8b00000|100%| E|CS|TAMS 0x00000000c8a00000| PB 0x00000000c8a00000| Complete |  0
|  51|0x00000000c8b00000, 0x00000000c8c00000, 0x00000000c8c00000|100%| E|CS|TAMS 0x00000000c8b00000| PB 0x00000000c8b00000| Complete |  0
|  52|0x00000000c8c00000, 0x00000000c8d00000, 0x00000000c8d00000|100%| E|CS|TAMS 0x00000000c8c00000| PB 0x00000000c8c00000| Complete |  0
|  53|0x00000000c8d00000, 0x00000000c8e00000, 0x00000000c8e00000|100%| E|CS|TAMS 0x00000000c8d00000| PB 0x00000000c8d00000| Complete |  0
|  54|0x00000000c8e00000, 0x00000000c8f00000, 0x00000000c8f00000|100%| E|CS|TAMS 0x00000000c8e00000| PB 0x00000000c8e00000| Complete |  0
|  55|0x00000000c8f00000, 0x00000000c9000000, 0x00000000c9000000|100%| E|CS|TAMS 0x00000000c8f00000| PB 0x00000000c8f00000| Complete |  0
|  56|0x00000000c9000000, 0x00000000c9100000, 0x00000000c9100000|100%| E|CS|TAMS 0x00000000c9000000| PB 0x00000000c9000000| Complete |  0
|  57|0x00000000c9100000, 0x00000000c9200000, 0x00000000c9200000|100%| E|CS|TAMS 0x00000000c9100000| PB 0x00000000c9100000| Complete |  0
|  58|0x00000000c9200000, 0x00000000c9300000, 0x00000000c9300000|100%| E|CS|TAMS 0x00000000c9200000| PB 0x00000000c9200000| Complete |  0
|  59|0x00000000c9300000, 0x00000000c9400000, 0x00000000c9400000|100%| E|CS|TAMS 0x00000000c9300000| PB 0x00000000c9300000| Complete |  0
|  60|0x00000000c9400000, 0x00000000c9500000, 0x00000000c9500000|100%| E|CS|TAMS 0x00000000c9400000| PB 0x00000000c9400000| Complete |  0
|  61|0x00000000c9500000, 0x00000000c9600000, 0x00000000c9600000|100%| E|CS|TAMS 0x00000000c9500000| PB 0x00000000c9500000| Complete |  0
|  62|0x00000000c9600000, 0x00000000c9700000, 0x00000000c9700000|100%| E|CS|TAMS 0x00000000c9600000| PB 0x00000000c9600000| Complete |  0
|  71|0x00000000c9f00000, 0x00000000ca000000, 0x00000000ca000000|100%| E|CS|TAMS 0x00000000c9f00000| PB 0x00000000c9f00000| Complete |  0

Card table byte_map: [0x00000280aff00000,0x00000280b00e0000] _byte_map_base: 0x00000280af8d4000

Marking Bits: (CMBitMap*) 0x000002809880a390
 Bits: [0x00000280b00e0000, 0x00000280b0f80000)

Polling page: 0x00000280965f0000

Metaspace:

Usage:
  Non-class:     22.13 MB used.
      Class:      3.05 MB used.
       Both:     25.17 MB used.

Virtual space:
  Non-class space:       64.00 MB reserved,      22.38 MB ( 35%) committed,  1 nodes.
      Class space:        1.00 GB reserved,       3.25 MB ( <1%) committed,  1 nodes.
             Both:        1.06 GB reserved,      25.62 MB (  2%) committed. 

Chunk freelists:
   Non-Class:  9.48 MB
       Class:  12.80 MB
        Both:  22.28 MB

MaxMetaspaceSize: unlimited
CompressedClassSpaceSize: 1.00 GB
Initial GC threshold: 21.00 MB
Current GC threshold: 35.44 MB
CDS: on
 - commit_granule_bytes: 65536.
 - commit_granule_words: 8192.
 - virtual_space_node_default_size: 8388608.
 - enlarge_chunks_in_place: 1.
 - use_allocation_guard: 0.


Internal statistics:

num_allocs_failed_limit: 3.
num_arena_births: 256.
num_arena_deaths: 0.
num_vsnodes_births: 2.
num_vsnodes_deaths: 0.
num_space_committed: 410.
num_space_uncommitted: 0.
num_chunks_returned_to_freelist: 3.
num_chunks_taken_from_freelist: 1153.
num_chunk_merges: 3.
num_chunk_splits: 827.
num_chunks_enlarged: 657.
num_inconsistent_stats: 0.

CodeHeap 'non-profiled nmethods': size=120064Kb used=1639Kb max_used=1639Kb free=118424Kb
 bounds [0x00000280a89c0000, 0x00000280a8c30000, 0x00000280aff00000]
CodeHeap 'profiled nmethods': size=120000Kb used=8157Kb max_used=8157Kb free=111842Kb
 bounds [0x00000280a0f00000, 0x00000280a1700000, 0x00000280a8430000]
CodeHeap 'non-nmethods': size=5696Kb used=1578Kb max_used=1606Kb free=4117Kb
 bounds [0x00000280a8430000, 0x00000280a86a0000, 0x00000280a89c0000]
CodeCache: size=245760Kb, used=11374Kb, max_used=11402Kb, free=234383Kb
 total_blobs=5704, nmethods=5156, adapters=453, full_count=0
Compilation: enabled, stopped_count=0, restarted_count=0

Compilation events (20 events):
Event: 4.091 Thread 0x00000280b350c740 nmethod 4981 0x00000280a16b2988 code [0x00000280a16b2ae0, 0x00000280a16b2f58]
Event: 4.091 Thread 0x00000280b350c740 4982 %     3       jdk.nio.zipfs.ZipCoder$UTF8::toString @ 8 (49 bytes)
Event: 4.091 Thread 0x00000280b350c740 nmethod 4982% 0x00000280a16b2f88 code [0x00000280a16b30e0, 0x00000280a16b34a8]
Event: 4.099 Thread 0x00000280b350c740 4983       2       jdk.nio.zipfs.ZipDirectoryStream::<init> (49 bytes)
Event: 4.100 Thread 0x00000280b350c740 nmethod 4983 0x00000280a16b3508 code [0x00000280a16b3660, 0x00000280a16b39f8]
Event: 4.100 Thread 0x00000280b350c740 4987       2       javax.lang.model.SourceVersion::isIdentifier (71 bytes)
Event: 4.100 Thread 0x00000280b350c740 nmethod 4987 0x00000280a16b3a88 code [0x00000280a16b3c20, 0x00000280a16b3fa0]
Event: 4.100 Thread 0x00000280b350c740 4984   !   2       jdk.nio.zipfs.ZipFileSystem::isDirectory (42 bytes)
Event: 4.101 Thread 0x00000280b350c740 nmethod 4984 0x00000280a16b4008 code [0x00000280a16b4180, 0x00000280a16b4550]
Event: 4.101 Thread 0x00000280b350c740 4985  s!   2       jdk.nio.zipfs.ZipDirectoryStream::iterator (73 bytes)
Event: 4.101 Thread 0x00000280b350c740 nmethod 4985 0x00000280a16b4608 code [0x00000280a16b4780, 0x00000280a16b4de0]
Event: 4.101 Thread 0x00000280b350c740 4986       2       jdk.nio.zipfs.ZipDirectoryStream$1::<init> (10 bytes)
Event: 4.101 Thread 0x00000280b350c740 nmethod 4986 0x00000280a16b4e88 code [0x00000280a16b4fa0, 0x00000280a16b50f0]
Event: 4.101 Thread 0x00000280b350c740 4988       2       com.sun.tools.javac.file.JavacFileManager$ArchiveContainer::isValid (39 bytes)
Event: 4.102 Thread 0x00000280b350c740 nmethod 4988 0x00000280a16b5188 code [0x00000280a16b52e0, 0x00000280a16b5528]
Event: 4.102 Thread 0x00000280b350c740 4989       2       com.sun.tools.javac.file.RelativePath$RelativeDirectory::<init> (44 bytes)
Event: 4.102 Thread 0x00000280b350c740 nmethod 4989 0x00000280a16b5588 code [0x00000280a16b5700, 0x00000280a16b5aa0]
Event: 4.102 Thread 0x00000280b350c740 4990       2       java.util.Arrays::compareUnsigned (58 bytes)
Event: 4.102 Thread 0x00000280b350c740 nmethod 4990 0x00000280a16b5b88 code [0x00000280a16b5cc0, 0x00000280a16b5f28]
Event: 4.106 Thread 0x00000280b350c740 4991       2       java.nio.file.SimpleFileVisitor::postVisitDirectory (15 bytes)

GC Heap History (12 events):
Event: 0.800 GC heap before
{Heap before GC invocations=0 (full 0):
 garbage-first heap   total reserved 958464K, committed 61440K, used 14336K [0x00000000c5800000, 0x0000000100000000)
  region size 1024K, 14 young (14336K), 0 survivors (0K)
 Metaspace       used 4156K, committed 4352K, reserved 1114112K
  class space    used 447K, committed 576K, reserved 1048576K
}
Event: 0.812 GC heap after
{Heap after GC invocations=1 (full 0):
 garbage-first heap   total reserved 958464K, committed 61440K, used 3232K [0x00000000c5800000, 0x0000000100000000)
  region size 1024K, 2 young (2048K), 2 survivors (2048K)
 Metaspace       used 4156K, committed 4352K, reserved 1114112K
  class space    used 447K, committed 576K, reserved 1048576K
}
Event: 1.224 GC heap before
{Heap before GC invocations=1 (full 0):
 garbage-first heap   total reserved 958464K, committed 61440K, used 16544K [0x00000000c5800000, 0x0000000100000000)
  region size 1024K, 15 young (15360K), 2 survivors (2048K)
 Metaspace       used 6224K, committed 6400K, reserved 1114112K
  class space    used 763K, committed 896K, reserved 1048576K
}
Event: 1.229 GC heap after
{Heap after GC invocations=2 (full 0):
 garbage-first heap   total reserved 958464K, committed 61440K, used 4208K [0x00000000c5800000, 0x0000000100000000)
  region size 1024K, 1 young (1024K), 1 survivors (1024K)
 Metaspace       used 6224K, committed 6400K, reserved 1114112K
  class space    used 763K, committed 896K, reserved 1048576K
}
Event: 1.849 GC heap before
{Heap before GC invocations=2 (full 0):
 garbage-first heap   total reserved 958464K, committed 61440K, used 31856K [0x00000000c5800000, 0x0000000100000000)
  region size 1024K, 29 young (29696K), 1 survivors (1024K)
 Metaspace       used 10432K, committed 10688K, reserved 1114112K
  class space    used 1290K, committed 1408K, reserved 1048576K
}
Event: 1.853 GC heap after
{Heap after GC invocations=3 (full 0):
 garbage-first heap   total reserved 958464K, committed 61440K, used 5799K [0x00000000c5800000, 0x0000000100000000)
  region size 1024K, 3 young (3072K), 3 survivors (3072K)
 Metaspace       used 10432K, committed 10688K, reserved 1114112K
  class space    used 1290K, committed 1408K, reserved 1048576K
}
Event: 2.487 GC heap before
{Heap before GC invocations=3 (full 0):
 garbage-first heap   total reserved 958464K, committed 61440K, used 34471K [0x00000000c5800000, 0x0000000100000000)
  region size 1024K, 31 young (31744K), 3 survivors (3072K)
 Metaspace       used 15385K, committed 15680K, reserved 1114112K
  class space    used 1912K, committed 2048K, reserved 1048576K
}
Event: 2.498 GC heap after
{Heap after GC invocations=4 (full 0):
 garbage-first heap   total reserved 958464K, committed 61440K, used 8172K [0x00000000c5800000, 0x0000000100000000)
  region size 1024K, 4 young (4096K), 4 survivors (4096K)
 Metaspace       used 15385K, committed 15680K, reserved 1114112K
  class space    used 1912K, committed 2048K, reserved 1048576K
}
Event: 3.239 GC heap before
{Heap before GC invocations=4 (full 0):
 garbage-first heap   total reserved 958464K, committed 61440K, used 39916K [0x00000000c5800000, 0x0000000100000000)
  region size 1024K, 35 young (35840K), 4 survivors (4096K)
 Metaspace       used 16950K, committed 17216K, reserved 1114112K
  class space    used 2073K, committed 2176K, reserved 1048576K
}
Event: 3.252 GC heap after
{Heap after GC invocations=5 (full 0):
 garbage-first heap   total reserved 958464K, committed 61440K, used 10961K [0x00000000c5800000, 0x0000000100000000)
  region size 1024K, 5 young (5120K), 5 survivors (5120K)
 Metaspace       used 16950K, committed 17216K, reserved 1114112K
  class space    used 2073K, committed 2176K, reserved 1048576K
}
Event: 3.707 GC heap before
{Heap before GC invocations=5 (full 0):
 garbage-first heap   total reserved 958464K, committed 61440K, used 36561K [0x00000000c5800000, 0x0000000100000000)
  region size 1024K, 27 young (27648K), 5 survivors (5120K)
 Metaspace       used 21207K, committed 21504K, reserved 1114112K
  class space    used 2605K, committed 2688K, reserved 1048576K
}
Event: 3.717 GC heap after
{Heap after GC invocations=6 (full 0):
 garbage-first heap   total reserved 958464K, committed 73728K, used 19352K [0x00000000c5800000, 0x0000000100000000)
  region size 1024K, 5 young (5120K), 5 survivors (5120K)
 Metaspace       used 21207K, committed 21504K, reserved 1114112K
  class space    used 2605K, committed 2688K, reserved 1048576K
}

Dll operation events (8 events):
Event: 0.017 Loaded shared library C:\Users\user pc\Documents\jdk-23.0.1\bin\java.dll
Event: 0.055 Loaded shared library C:\Users\user pc\Documents\jdk-23.0.1\bin\jsvml.dll
Event: 0.077 Loaded shared library C:\Users\user pc\Documents\jdk-23.0.1\bin\net.dll
Event: 0.079 Loaded shared library C:\Users\user pc\Documents\jdk-23.0.1\bin\nio.dll
Event: 0.083 Loaded shared library C:\Users\user pc\Documents\jdk-23.0.1\bin\zip.dll
Event: 0.251 Loaded shared library C:\Program Files\NetBeans-23\netbeans\java\maven\lib\jansi-native\Windows\x86_64\jansi.dll
Event: 0.259 Loaded shared library C:\Users\user pc\Documents\jdk-23.0.1\bin\jimage.dll
Event: 0.276 Loaded shared library C:\Users\user pc\Documents\jdk-23.0.1\bin\verify.dll

Deoptimization events (20 events):
Event: 4.039 Thread 0x00000280987d5780 Uncommon trap: trap_request=0xffffffbe fr.pc=0x00000280a8b576d8 relative=0x0000000000000058
Event: 4.039 Thread 0x00000280987d5780 Uncommon trap: reason=profile_predicate action=maybe_recompile pc=0x00000280a8b576d8 method=jdk.nio.zipfs.ZipPath.getResolved()[B @ 8 c2
Event: 4.039 Thread 0x00000280987d5780 DEOPT PACKING pc=0x00000280a8b576d8 sp=0x0000009f16ffcee0
Event: 4.039 Thread 0x00000280987d5780 DEOPT UNPACKING pc=0x00000280a8487982 sp=0x0000009f16ffce68 mode 2
Event: 4.039 Thread 0x00000280987d5780 Uncommon trap: trap_request=0xffffffbe fr.pc=0x00000280a8b576d8 relative=0x0000000000000058
Event: 4.039 Thread 0x00000280987d5780 Uncommon trap: reason=profile_predicate action=maybe_recompile pc=0x00000280a8b576d8 method=jdk.nio.zipfs.ZipPath.getResolved()[B @ 8 c2
Event: 4.039 Thread 0x00000280987d5780 DEOPT PACKING pc=0x00000280a8b576d8 sp=0x0000009f16ffcee0
Event: 4.039 Thread 0x00000280987d5780 DEOPT UNPACKING pc=0x00000280a8487982 sp=0x0000009f16ffce68 mode 2
Event: 4.039 Thread 0x00000280987d5780 Uncommon trap: trap_request=0xffffffbe fr.pc=0x00000280a8b576d8 relative=0x0000000000000058
Event: 4.039 Thread 0x00000280987d5780 Uncommon trap: reason=profile_predicate action=maybe_recompile pc=0x00000280a8b576d8 method=jdk.nio.zipfs.ZipPath.getResolved()[B @ 8 c2
Event: 4.039 Thread 0x00000280987d5780 DEOPT PACKING pc=0x00000280a8b576d8 sp=0x0000009f16ffcee0
Event: 4.039 Thread 0x00000280987d5780 DEOPT UNPACKING pc=0x00000280a8487982 sp=0x0000009f16ffce68 mode 2
Event: 4.082 Thread 0x00000280987d5780 Uncommon trap: trap_request=0xffffffc6 fr.pc=0x00000280a8ad90d0 relative=0x00000000000005b0
Event: 4.082 Thread 0x00000280987d5780 Uncommon trap: reason=bimorphic_or_optimized_type_check action=maybe_recompile pc=0x00000280a8ad90d0 method=java.util.regex.Pattern$BmpCharPropertyGreedy.match(Ljava/util/regex/Matcher;ILjava/lang/CharSequence;)Z @ 26 c2
Event: 4.082 Thread 0x00000280987d5780 DEOPT PACKING pc=0x00000280a8ad90d0 sp=0x0000009f16ffcef0
Event: 4.082 Thread 0x00000280987d5780 DEOPT UNPACKING pc=0x00000280a8487982 sp=0x0000009f16ffce88 mode 2
Event: 4.087 Thread 0x00000280987d5780 Uncommon trap: trap_request=0xffffffc6 fr.pc=0x00000280a8ad90d0 relative=0x00000000000005b0
Event: 4.087 Thread 0x00000280987d5780 Uncommon trap: reason=bimorphic_or_optimized_type_check action=maybe_recompile pc=0x00000280a8ad90d0 method=java.util.regex.Pattern$BmpCharPropertyGreedy.match(Ljava/util/regex/Matcher;ILjava/lang/CharSequence;)Z @ 26 c2
Event: 4.087 Thread 0x00000280987d5780 DEOPT PACKING pc=0x00000280a8ad90d0 sp=0x0000009f16ffcef0
Event: 4.087 Thread 0x00000280987d5780 DEOPT UNPACKING pc=0x00000280a8487982 sp=0x0000009f16ffce88 mode 2

Classes loaded (20 events):
Event: 3.867 Loading class java/util/ImmutableCollections$Access$1
Event: 3.868 Loading class jdk/internal/access/JavaUtilCollectionAccess
Event: 3.868 Loading class jdk/internal/access/JavaUtilCollectionAccess done
Event: 3.868 Loading class java/util/ImmutableCollections$Access$1 done
Event: 3.909 Loading class java/lang/StringLatin1$LinesSpliterator
Event: 3.911 Loading class java/lang/StringLatin1$LinesSpliterator done
Event: 3.975 Loading class java/util/regex/Pattern$Bound
Event: 3.976 Loading class java/util/regex/Pattern$Bound done
Event: 4.004 Loading class java/util/RegularEnumSet$EnumSetIterator
Event: 4.004 Loading class java/util/RegularEnumSet$EnumSetIterator done
Event: 4.005 Loading class java/nio/file/FileVisitor
Event: 4.005 Loading class java/nio/file/FileVisitor done
Event: 4.008 Loading class java/nio/file/SimpleFileVisitor
Event: 4.008 Loading class java/nio/file/SimpleFileVisitor done
Event: 4.008 Loading class java/nio/file/Files$3
Event: 4.009 Loading class java/nio/file/Files$3 done
Event: 4.009 Loading class java/nio/file/FileVisitResult
Event: 4.009 Loading class java/nio/file/FileVisitResult done
Event: 4.009 Loading class sun/nio/fs/BasicFileAttributesHolder
Event: 4.009 Loading class sun/nio/fs/BasicFileAttributesHolder done

Classes unloaded (0 events):
No events

Classes redefined (0 events):
No events

Internal exceptions (20 events):
Event: 3.399 Thread 0x00000280987d5780 Exception <a 'java/lang/NoSuchMethodError'{0x00000000c8c4e9b8}: 'void java.lang.invoke.DirectMethodHandle$Holder.invokeInterface(java.lang.Object, java.lang.Object, java.lang.Object)'> (0x00000000c8c4e9b8) 
thrown [s\open\src\hotspot\share\interpreter\linkResolver.cpp, line 796]
Event: 3.489 Thread 0x00000280987d5780 Exception <a 'java/lang/NoSuchMethodError'{0x00000000c8b92750}: 'int java.lang.invoke.DirectMethodHandle$Holder.invokeInterface(java.lang.Object, java.lang.Object)'> (0x00000000c8b92750) 
thrown [s\open\src\hotspot\share\interpreter\linkResolver.cpp, line 796]
Event: 3.517 Thread 0x00000280987d5780 Exception <a 'java/lang/NoSuchMethodError'{0x00000000c8803628}: 'int java.lang.invoke.DirectMethodHandle$Holder.invokeVirtual(java.lang.Object, java.lang.Object, java.lang.Object)'> (0x00000000c8803628) 
thrown [s\open\src\hotspot\share\interpreter\linkResolver.cpp, line 796]
Event: 3.520 Thread 0x00000280987d5780 Exception <a 'java/lang/NoSuchMethodError'{0x00000000c88106a0}: 'int java.lang.invoke.DirectMethodHandle$Holder.invokeStaticInit(java.lang.Object, java.lang.Object, java.lang.Object)'> (0x00000000c88106a0) 
thrown [s\open\src\hotspot\share\interpreter\linkResolver.cpp, line 796]
Event: 3.664 Thread 0x00000280987d5780 Exception <a 'sun/nio/fs/WindowsException'{0x00000000c7fa2388}> (0x00000000c7fa2388) 
thrown [s\open\src\hotspot\share\prims\jni.cpp, line 520]
Event: 3.815 Thread 0x00000280987d5780 Exception <a 'java/lang/NoSuchMethodError'{0x00000000c9feb368}: 'java.lang.Object java.lang.invoke.DirectMethodHandle$Holder.newInvokeSpecial(java.lang.Object, java.lang.Object, java.lang.Object, java.lang.Object, java.lang.Object, java.lang.Object)'> (0x00000000c9feb368) 
thrown [s\open\src\hotspot\share\interpreter\linkResolver.cpp, line 796]
Event: 3.820 Thread 0x00000280987d5780 Exception <a 'java/lang/NoSuchMethodError'{0x00000000c9ffc860}: 'java.lang.Object java.lang.invoke.DirectMethodHandle$Holder.invokeStaticInit(java.lang.Object, java.lang.Object, java.lang.Object, java.lang.Object, java.lang.Object, java.lang.Object, java.lang.Object)'> (0x00000000c9ffc860) 
thrown [s\open\src\hotspot\share\interpreter\linkResolver.cpp, line 796]
Event: 3.822 Thread 0x00000280987d5780 Exception <a 'java/lang/NoSuchMethodError'{0x00000000c960f158}: 'int java.lang.invoke.DirectMethodHandle$Holder.invokeStaticInit(java.lang.Object, int, int)'> (0x00000000c960f158) 
thrown [s\open\src\hotspot\share\interpreter\linkResolver.cpp, line 796]
Event: 3.822 Thread 0x00000280987d5780 Exception <a 'java/lang/NoSuchMethodError'{0x00000000c9616918}: 'int java.lang.invoke.DirectMethodHandle$Holder.invokeStaticInit(java.lang.Object, long, long)'> (0x00000000c9616918) 
thrown [s\open\src\hotspot\share\interpreter\linkResolver.cpp, line 796]
Event: 3.822 Thread 0x00000280987d5780 Exception <a 'java/lang/NoSuchMethodError'{0x00000000c961d5d0}: 'int java.lang.invoke.DirectMethodHandle$Holder.invokeStaticInit(java.lang.Object, float, float)'> (0x00000000c961d5d0) 
thrown [s\open\src\hotspot\share\interpreter\linkResolver.cpp, line 796]
Event: 3.823 Thread 0x00000280987d5780 Exception <a 'java/lang/NoSuchMethodError'{0x00000000c9624280}: 'int java.lang.invoke.DirectMethodHandle$Holder.invokeStaticInit(java.lang.Object, double, double)'> (0x00000000c9624280) 
thrown [s\open\src\hotspot\share\interpreter\linkResolver.cpp, line 796]
Event: 3.823 Thread 0x00000280987d5780 Exception <a 'java/lang/NoSuchMethodError'{0x00000000c96289e8}: 'int java.lang.invoke.DirectMethodHandle$Holder.invokeStatic(java.lang.Object, long)'> (0x00000000c96289e8) 
thrown [s\open\src\hotspot\share\interpreter\linkResolver.cpp, line 796]
Event: 3.824 Thread 0x00000280987d5780 Exception <a 'java/lang/NoSuchMethodError'{0x00000000c9646d88}: 'int java.lang.invoke.Invokers$Holder.linkToTargetMethod(java.lang.Object, java.lang.Object)'> (0x00000000c9646d88) 
thrown [s\open\src\hotspot\share\interpreter\linkResolver.cpp, line 796]
Event: 3.837 Thread 0x00000280987d5780 Exception <a 'sun/nio/fs/WindowsException'{0x00000000c9693100}> (0x00000000c9693100) 
thrown [s\open\src\hotspot\share\prims\jni.cpp, line 520]
Event: 3.911 Thread 0x00000280987d5780 Exception <a 'java/lang/NoSuchMethodError'{0x00000000c93a01a8}: 'java.lang.Object java.lang.invoke.DirectMethodHandle$Holder.invokeStatic(java.lang.Object, int, java.lang.Object)'> (0x00000000c93a01a8) 
thrown [s\open\src\hotspot\share\interpreter\linkResolver.cpp, line 796]
Event: 3.975 Thread 0x00000280987d5780 Exception <a 'sun/nio/fs/WindowsException'{0x00000000c90bfc98}> (0x00000000c90bfc98) 
thrown [s\open\src\hotspot\share\prims\jni.cpp, line 520]
Event: 3.975 Thread 0x00000280987d5780 Exception <a 'sun/nio/fs/WindowsException'{0x00000000c90c07d8}> (0x00000000c90c07d8) 
thrown [s\open\src\hotspot\share\prims\jni.cpp, line 520]
Event: 3.975 Thread 0x00000280987d5780 Exception <a 'sun/nio/fs/WindowsException'{0x00000000c90c13d0}> (0x00000000c90c13d0) 
thrown [s\open\src\hotspot\share\prims\jni.cpp, line 520]
Event: 3.985 Thread 0x00000280987d5780 Exception <a 'java/lang/NoSuchMethodError'{0x00000000c8f0c0a0}: 'java.lang.Object java.lang.invoke.DirectMethodHandle$Holder.invokeSpecial(java.lang.Object, java.lang.Object, java.lang.Object, int, int)'> (0x00000000c8f0c0a0) 
thrown [s\open\src\hotspot\share\interpreter\linkResolver.cpp, line 796]
Event: 3.985 Thread 0x00000280987d5780 Exception <a 'java/lang/NoSuchMethodError'{0x00000000c8f12640}: 'java.lang.Object java.lang.invoke.DirectMethodHandle$Holder.invokeVirtual(java.lang.Object, java.lang.Object, int)'> (0x00000000c8f12640) 
thrown [s\open\src\hotspot\share\interpreter\linkResolver.cpp, line 796]

VM Operations (20 events):
Event: 2.285 Executing VM operation: HandshakeAllThreads (Deoptimize)
Event: 2.285 Executing VM operation: HandshakeAllThreads (Deoptimize) done
Event: 2.487 Executing VM operation: G1CollectForAllocation (G1 Evacuation Pause)
Event: 2.498 Executing VM operation: G1CollectForAllocation (G1 Evacuation Pause) done
Event: 3.239 Executing VM operation: G1CollectForAllocation (G1 Evacuation Pause)
Event: 3.252 Executing VM operation: G1CollectForAllocation (G1 Evacuation Pause) done
Event: 3.431 Executing VM operation: HandshakeAllThreads (Deoptimize)
Event: 3.431 Executing VM operation: HandshakeAllThreads (Deoptimize) done
Event: 3.524 Executing VM operation: HandshakeAllThreads (Deoptimize)
Event: 3.524 Executing VM operation: HandshakeAllThreads (Deoptimize) done
Event: 3.532 Executing VM operation: HandshakeAllThreads (Deoptimize)
Event: 3.532 Executing VM operation: HandshakeAllThreads (Deoptimize) done
Event: 3.533 Executing VM operation: HandshakeAllThreads (Deoptimize)
Event: 3.533 Executing VM operation: HandshakeAllThreads (Deoptimize) done
Event: 3.707 Executing VM operation: CollectForMetadataAllocation (Metadata GC Threshold)
Event: 3.717 Executing VM operation: CollectForMetadataAllocation (Metadata GC Threshold) done
Event: 3.731 Executing VM operation: G1PauseRemark
Event: 3.735 Executing VM operation: G1PauseRemark done
Event: 3.741 Executing VM operation: G1PauseCleanup
Event: 3.753 Executing VM operation: G1PauseCleanup done

Memory protections (0 events):
No events

Nmethod flushes (0 events):
No events

Events (13 events):
Event: 0.039 Thread 0x00000280987d5780 Thread added: 0x00000280987d5780
Event: 0.051 Thread 0x00000280987d5780 Thread added: 0x00000280b34fa850
Event: 0.051 Thread 0x00000280987d5780 Thread added: 0x00000280b34fb570
Event: 0.051 Thread 0x00000280987d5780 Thread added: 0x00000280b34fdb30
Event: 0.051 Thread 0x00000280987d5780 Thread added: 0x00000280b34ff690
Event: 0.052 Thread 0x00000280987d5780 Thread added: 0x00000280b35013b0
Event: 0.052 Thread 0x00000280987d5780 Thread added: 0x00000280b35026a0
Event: 0.052 Thread 0x00000280987d5780 Thread added: 0x00000280b350adf0
Event: 0.052 Thread 0x00000280987d5780 Thread added: 0x00000280b350c740
Event: 0.068 Thread 0x00000280987d5780 Thread added: 0x00000280b36a07e0
Event: 0.075 Thread 0x00000280987d5780 Thread added: 0x00000280b36a8ad0
Event: 0.227 Thread 0x00000280987d5780 Thread added: 0x00000280b399dcd0
Event: 0.760 Thread 0x00000280b399dcd0 Thread exited: 0x00000280b399dcd0


Dynamic libraries:
0x00007ff643c80000 - 0x00007ff643c90000 	C:\Users\user pc\Documents\jdk-23.0.1\bin\java.exe
0x00007ffd227f0000 - 0x00007ffd22a07000 	C:\Windows\SYSTEM32\ntdll.dll
0x00007ffcf4940000 - 0x00007ffcf495b000 	C:\Program Files\Avast Software\Avast\aswhook.dll
0x00007ffd215e0000 - 0x00007ffd216a4000 	C:\Windows\System32\KERNEL32.DLL
0x00007ffd1fd40000 - 0x00007ffd20113000 	C:\Windows\System32\KERNELBASE.dll
0x00007ffd1f8e0000 - 0x00007ffd1f9f1000 	C:\Windows\System32\ucrtbase.dll
0x00007ffd11df0000 - 0x00007ffd11e0b000 	C:\Users\user pc\Documents\jdk-23.0.1\bin\VCRUNTIME140.dll
0x00007ffd15920000 - 0x00007ffd15937000 	C:\Users\user pc\Documents\jdk-23.0.1\bin\jli.dll
0x00007ffd21ae0000 - 0x00007ffd21c91000 	C:\Windows\System32\USER32.dll
0x00007ffd1fa00000 - 0x00007ffd1fa26000 	C:\Windows\System32\win32u.dll
0x00007ffd226a0000 - 0x00007ffd226c9000 	C:\Windows\System32\GDI32.dll
0x00007ffd1fab0000 - 0x00007ffd1fbd2000 	C:\Windows\System32\gdi32full.dll
0x00007ffd1fbe0000 - 0x00007ffd1fc7a000 	C:\Windows\System32\msvcp_win.dll
0x00007ffcf4460000 - 0x00007ffcf46fb000 	C:\Windows\WinSxS\amd64_microsoft.windows.common-controls_6595b64144ccf1df_6.0.22621.5262_none_2712bde373830908\COMCTL32.dll
0x00007ffd205b0000 - 0x00007ffd20657000 	C:\Windows\System32\msvcrt.dll
0x00007ffd22660000 - 0x00007ffd22691000 	C:\Windows\System32\IMM32.DLL
0x00007ffd14880000 - 0x00007ffd1488c000 	C:\Users\user pc\Documents\jdk-23.0.1\bin\vcruntime140_1.dll
0x00007ffcfb040000 - 0x00007ffcfb0ce000 	C:\Users\user pc\Documents\jdk-23.0.1\bin\msvcp140.dll
0x00007ffcc6720000 - 0x00007ffcc746f000 	C:\Users\user pc\Documents\jdk-23.0.1\bin\server\jvm.dll
0x00007ffd21340000 - 0x00007ffd213f1000 	C:\Windows\System32\ADVAPI32.dll
0x00007ffd21ca0000 - 0x00007ffd21d47000 	C:\Windows\System32\sechost.dll
0x00007ffd20120000 - 0x00007ffd20148000 	C:\Windows\System32\bcrypt.dll
0x00007ffd217c0000 - 0x00007ffd218d4000 	C:\Windows\System32\RPCRT4.dll
0x00007ffd22730000 - 0x00007ffd227a1000 	C:\Windows\System32\WS2_32.dll
0x00007ffd16940000 - 0x00007ffd16974000 	C:\Windows\SYSTEM32\WINMM.dll
0x00007ffd1f7b0000 - 0x00007ffd1f7fd000 	C:\Windows\SYSTEM32\POWRPROF.dll
0x00007ffd16510000 - 0x00007ffd1651a000 	C:\Windows\SYSTEM32\VERSION.dll
0x00007ffd1f790000 - 0x00007ffd1f7a3000 	C:\Windows\SYSTEM32\UMPDC.dll
0x00007ffd1e8e0000 - 0x00007ffd1e8f8000 	C:\Windows\SYSTEM32\kernel.appcore.dll
0x00007ffd144d0000 - 0x00007ffd144da000 	C:\Users\user pc\Documents\jdk-23.0.1\bin\jimage.dll
0x00007ffd1d390000 - 0x00007ffd1d5c2000 	C:\Windows\SYSTEM32\DBGHELP.DLL
0x00007ffd20700000 - 0x00007ffd20a93000 	C:\Windows\System32\combase.dll
0x00007ffd218f0000 - 0x00007ffd219c7000 	C:\Windows\System32\OLEAUT32.dll
0x00007ffd14fb0000 - 0x00007ffd14fe2000 	C:\Windows\SYSTEM32\dbgcore.DLL
0x00007ffd20290000 - 0x00007ffd2030b000 	C:\Windows\System32\bcryptPrimitives.dll
0x00007ffd0e9d0000 - 0x00007ffd0e9ee000 	C:\Users\user pc\Documents\jdk-23.0.1\bin\java.dll
0x00007ffd21f70000 - 0x00007ffd22111000 	C:\Windows\System32\ole32.dll
0x00007ffd20aa0000 - 0x00007ffd2133d000 	C:\Windows\System32\SHELL32.dll
0x00007ffd20150000 - 0x00007ffd2028f000 	C:\Windows\System32\wintypes.dll
0x00007ffd1d6e0000 - 0x00007ffd1dffd000 	C:\Windows\SYSTEM32\windows.storage.dll
0x00007ffd216b0000 - 0x00007ffd217bb000 	C:\Windows\System32\SHCORE.dll
0x00007ffd225b0000 - 0x00007ffd22616000 	C:\Windows\System32\shlwapi.dll
0x00007ffd1f810000 - 0x00007ffd1f83b000 	C:\Windows\SYSTEM32\profapi.dll
0x00007ffcfa930000 - 0x00007ffcfaa07000 	C:\Users\user pc\Documents\jdk-23.0.1\bin\jsvml.dll
0x00007ffd136b0000 - 0x00007ffd136c0000 	C:\Users\user pc\Documents\jdk-23.0.1\bin\net.dll
0x00007ffd1ed50000 - 0x00007ffd1edba000 	C:\Windows\system32\mswsock.dll
0x00007ffcfb0f0000 - 0x00007ffcfb106000 	C:\Users\user pc\Documents\jdk-23.0.1\bin\nio.dll
0x00007ffcfb0d0000 - 0x00007ffcfb0e7000 	C:\Users\user pc\Documents\jdk-23.0.1\bin\zip.dll
0x00007ffd144a0000 - 0x00007ffd144c4000 	C:\Program Files\NetBeans-23\netbeans\java\maven\lib\jansi-native\Windows\x86_64\jansi.dll
0x00007ffd11de0000 - 0x00007ffd11df0000 	C:\Users\user pc\Documents\jdk-23.0.1\bin\verify.dll

dbghelp: loaded successfully - version: 4.0.5 - missing functions: none
symbol engine: initialized successfully - sym options: 0x614 - pdb path: .;C:\Users\user pc\Documents\jdk-23.0.1\bin;C:\Windows\SYSTEM32;C:\Program Files\Avast Software\Avast;C:\Windows\WinSxS\amd64_microsoft.windows.common-controls_6595b64144ccf1df_6.0.22621.5262_none_2712bde373830908;C:\Users\user pc\Documents\jdk-23.0.1\bin\server;C:\Program Files\NetBeans-23\netbeans\java\maven\lib\jansi-native\Windows\x86_64

VM Arguments:
jvm_args: -Dclassworlds.conf=C:\Program Files\NetBeans-23\netbeans\java\maven\bin\m2.conf -Dmaven.home=C:\Program Files\NetBeans-23\netbeans\java\maven -Dlibrary.jansi.path=C:\Program Files\NetBeans-23\netbeans\java\maven\lib\jansi-native -Dmaven.multiModuleProjectDirectory=C:\Users\user pc\Documents\NetBeansProjects\project 
java_command: org.codehaus.plexus.classworlds.launcher.Launcher -Dexec.vmArgs= -Dexec.args=${exec.vmArgs} -classpath %classpath ${exec.mainClass} ${exec.appArgs} -Dexec.appArgs= -Dexec.mainClass=com.mycompany.project.Main -Dexec.executable=C:\Users\user pc\Documents\jdk-23.0.1\bin\java.exe -Dmaven.ext.class.path=C:\Program Files\NetBeans-23\netbeans\java\maven-nblib\netbeans-eventspy.jar --no-transfer-progress process-classes org.codehaus.mojo:exec-maven-plugin:3.1.0:exec
java_class_path (initial): C:\Program Files\NetBeans-23\netbeans\java\maven\boot\plexus-classworlds-2.8.0.jar
Launcher Type: SUN_STANDARD

[Global flags]
     intx CICompilerCount                          = 3                                         {product} {ergonomic}
     uint ConcGCThreads                            = 1                                         {product} {ergonomic}
     uint G1ConcRefinementThreads                  = 4                                         {product} {ergonomic}
   size_t G1HeapRegionSize                         = 1048576                                   {product} {ergonomic}
   size_t InitialHeapSize                          = 62914560                                  {product} {ergonomic}
   size_t MarkStackSize                            = 4194304                                   {product} {ergonomic}
   size_t MarkStackSizeMax                         = 536870912                                 {product} {ergonomic}
   size_t MaxHeapSize                              = 981467136                                 {product} {ergonomic}
   size_t MaxNewSize                               = 588251136                                 {product} {ergonomic}
   size_t MinHeapDeltaBytes                        = 1048576                                   {product} {ergonomic}
   size_t MinHeapSize                              = 8388608                                   {product} {ergonomic}
    uintx NonNMethodCodeHeapSize                   = 5832704                                {pd product} {ergonomic}
    uintx NonProfiledCodeHeapSize                  = 122945536                              {pd product} {ergonomic}
    uintx ProfiledCodeHeapSize                     = 122880000                              {pd product} {ergonomic}
    uintx ReservedCodeCacheSize                    = 251658240                              {pd product} {ergonomic}
     bool SegmentedCodeCache                       = true                                      {product} {ergonomic}
   size_t SoftMaxHeapSize                          = 981467136                              {manageable} {ergonomic}
     bool UseCompressedOops                        = true                           {product lp64_product} {ergonomic}
     bool UseG1GC                                  = true                                      {product} {ergonomic}
     bool UseLargePagesIndividualAllocation        = false                                  {pd product} {ergonomic}

Logging:
Log output configuration:
 #0: stdout all=warning uptime,level,tags foldmultilines=false
 #1: stderr all=off uptime,level,tags foldmultilines=false

Environment Variables:
JAVA_HOME=C:\Users\user pc\Documents\jdk-23.0.1
PATH=C:\Python312\Scripts\;C:\Python312\;C:\Windows\system32;C:\Windows;C:\Windows\System32\Wbem;C:\Windows\System32\WindowsPowerShell\v1.0\;C:\Windows\System32\OpenSSH\;C:\Program Files\nodejs\;C:\ProgramData\chocolatey\bin;C:\Program Files\Git\cmd;C:\Program Files\dotnet\;C:\Program Files\Microsoft SQL Server\130\Tools\Binn\;C:\Program Files\Microsoft SQL Server\Client SDK\ODBC\170\Tools\Binn\;C:\New folder\ffmpeg-7.1-essentials_build\ffmpeg-7.1-essentials_build;C:\php;C:\Program Files\MySQL\MySQL Server 8.0\bin;C:\Program Files\Java\jdk-23.0.1\bin;C:\Program Files\Java\jdk-23.0.1\bin;C:\Program Files\Maven\apache-maven-3.9.9\bin;C:\Program Files\MySQL\MySQL Shell 8.0\bin\;C:\Users\user pc\AppData\Local\Programs\Python\Python313\Scripts\;C:\Users\user pc\AppData\Local\Programs\Python\Python313\;C:\Users\user pc\AppData\Local\Microsoft\WindowsApps;C:\Users\user pc\AppData\Local\Programs\Microsoft VS Code\bin;C:\Users\user pc\AppData\Roaming\npm;C:\ProgramData\user pc\GitHubDesktop\bin
USERNAME=user pc
OS=Windows_NT
PROCESSOR_IDENTIFIER=Intel64 Family 6 Model 140 Stepping 1, GenuineIntel
TMP=C:\Users\USERPC~1\AppData\Local\Temp
TEMP=C:\Users\USERPC~1\AppData\Local\Temp




Periodic native trim disabled

---------------  S Y S T E M  ---------------

OS:
 Windows 11 , 64 bit Build 22621 (10.0.22621.5262)
OS uptime: 1 days 1:58 hours
Hyper-V role detected

CPU: total 4 (initial active 4) (2 cores per cpu, 2 threads per core) family 6 model 140 stepping 1 microcode 0xb4, cx8, cmov, fxsr, ht, mmx, 3dnowpref, sse, sse2, sse3, ssse3, sse4.1, sse4.2, popcnt, lzcnt, tsc, tscinvbit, avx, avx2, aes, erms, clmul, bmi1, bmi2, adx, avx512f, avx512dq, avx512cd, avx512bw, avx512vl, sha, fma, vzeroupper, avx512_vpopcntdq, avx512_vpclmulqdq, avx512_vaes, avx512_vnni, clflush, clflushopt, clwb, avx512_vbmi2, avx512_vbmi, hv, rdtscp, rdpid, fsrm, gfni, avx512_bitalg, f16c, cet_ibt, cet_ss, avx512_ifma
Processor Information for processor 0
  Max Mhz: 2901, Current Mhz: 1100, Mhz Limit: 2901
Processor Information for processor 1
  Max Mhz: 2901, Current Mhz: 2901, Mhz Limit: 2901
Processor Information for processor 2
  Max Mhz: 2901, Current Mhz: 2901, Mhz Limit: 2901
Processor Information for processor 3
  Max Mhz: 2901, Current Mhz: 2901, Mhz Limit: 2901

Memory: 4k page, system-wide physical 3738M (291M free)
TotalPageFile size 9944M (AvailPageFile size 4M)
current process WorkingSet (physical memory assigned to process): 177M, peak: 177M
current process commit charge ("private bytes"): 208M, peak: 208M

vm_info: Java HotSpot(TM) 64-Bit Server VM (23.0.1+11-39) for windows-amd64 JRE (23.0.1+11-39), built on 2024-09-30T07:20:43Z with MS VC++ 17.6 (VS2022)

END.
