#
# There is insufficient memory for the Java Runtime Environment to continue.
# Native memory allocation (malloc) failed to allocate 1977552 bytes. Error detail: Chunk::new
# Possible reasons:
#   The system is out of physical RAM or swap space
#   This process is running with CompressedOops enabled, and the Java Heap may be blocking the growth of the native heap
# Possible solutions:
#   Reduce memory load on the system
#   Increase physical memory or swap space
#   Check if swap backing store is full
#   Decrease Java heap size (-Xmx/-Xms)
#   Decrease number of Java threads
#   Decrease Java thread stack sizes (-Xss)
#   Set larger code cache with -XX:ReservedCodeCacheSize=
#   JVM is running with Unscaled Compressed Oops mode in which the Java heap is
#     placed in the first 4GB address space. The Java Heap base address is the
#     maximum limit for the native heap growth. Please use -XX:HeapBaseMinAddress
#     to set the Java Heap base and to place the Java Heap above 4GB virtual address.
# This output file may be truncated or incomplete.
#
#  Out of Memory Error (arena.cpp:149), pid=11540, tid=11652
#
# JRE version: Java(TM) SE Runtime Environment (23.0.1+11) (build 23.0.1+11-39)
# Java VM: Java HotSpot(TM) 64-Bit Server VM (23.0.1+11-39, mixed mode, sharing, tiered, compressed oops, compressed class ptrs, g1 gc, windows-amd64)
# No core dump will be written. Minidumps are not enabled by default on client versions of Windows
#

---------------  S U M M A R Y ------------

Command Line: -Dclassworlds.conf=C:\Program Files\NetBeans-23\netbeans\java\maven\bin\m2.conf -Dmaven.home=C:\Program Files\NetBeans-23\netbeans\java\maven -Dlibrary.jansi.path=C:\Program Files\NetBeans-23\netbeans\java\maven\lib\jansi-native -Dmaven.multiModuleProjectDirectory=C:\Users\user pc\Documents\NetBeansProjects\project org.codehaus.plexus.classworlds.launcher.Launcher -Dexec.vmArgs= -Dexec.args=${exec.vmArgs} -classpath %classpath ${exec.mainClass} ${exec.appArgs} -Dexec.appArgs= -Dexec.mainClass=com.mycompany.project.Main -Dexec.executable=C:\Users\user pc\Documents\jdk-23.0.1\bin\java.exe -Dmaven.ext.class.path=C:\Program Files\NetBeans-23\netbeans\java\maven-nblib\netbeans-eventspy.jar --no-transfer-progress process-classes org.codehaus.mojo:exec-maven-plugin:3.1.0:exec

Host: 11th Gen Intel(R) Core(TM) i3-1115G4 @ 3.00GHz, 4 cores, 3G,  Windows 11 , 64 bit Build 22621 (10.0.22621.5262)
Time: Wed May 28 12:10:42 2025 W. Central Africa Standard Time elapsed time: 6.824128 seconds (0d 0h 0m 6s)

---------------  T H R E A D  ---------------

Current thread (0x00000205e714e320):  JavaThread "C2 CompilerThread0" daemon [_thread_in_native, id=11652, stack(0x0000005e4d400000,0x0000005e4d500000) (1024K)]


Current CompileTask:
C2:6824 4339       4       java.lang.invoke.MethodType::makeImpl (109 bytes)

Stack: [0x0000005e4d400000,0x0000005e4d500000]
Native frames: (J=compiled Java code, j=interpreted, Vv=VM code, C=native code)
V  [jvm.dll+0x6e08b9]  (no source info available)
V  [jvm.dll+0x87dc83]  (no source info available)
V  [jvm.dll+0x88010e]  (no source info available)
V  [jvm.dll+0x8807e3]  (no source info available)
V  [jvm.dll+0x27aee6]  (no source info available)
V  [jvm.dll+0xbc06f]  (no source info available)
V  [jvm.dll+0xbc2cb]  (no source info available)
V  [jvm.dll+0x3b3a9c]  (no source info available)
V  [jvm.dll+0x38a42b]  (no source info available)
V  [jvm.dll+0x38989a]  (no source info available)
V  [jvm.dll+0x244aa1]  (no source info available)
V  [jvm.dll+0x243dff]  (no source info available)
V  [jvm.dll+0x1c33a0]  (no source info available)
V  [jvm.dll+0x253cf1]  (no source info available)
V  [jvm.dll+0x251faa]  (no source info available)
V  [jvm.dll+0x3ee036]  (no source info available)
V  [jvm.dll+0x824f8b]  (no source info available)
V  [jvm.dll+0x6df065]  (no source info available)
C  [ucrtbase.dll+0x29333]  (no source info available)
C  [KERNEL32.DLL+0x1259d]  (no source info available)
C  [ntdll.dll+0x5af58]  (no source info available)

Lock stack of current Java thread (top to bottom):


---------------  P R O C E S S  ---------------

Threads class SMR info:
_java_thread_list=0x00000205ec6d1150, length=12, elements={
0x00000205890b55f0, 0x00000205e713be90, 0x00000205e713c7c0, 0x00000205e713f750,
0x00000205e713fdc0, 0x00000205e7140bd0, 0x00000205e7147390, 0x00000205e714e320,
0x00000205e7151ec0, 0x00000205e7297310, 0x00000205e729c9b0, 0x00000205e78b8ca0
}

Java Threads: ( => current thread )
  0x00000205890b55f0 JavaThread "main"                              [_thread_in_vm, id=22052, stack(0x0000005e4c600000,0x0000005e4c700000) (1024K)]
  0x00000205e713be90 JavaThread "Reference Handler"          daemon [_thread_blocked, id=20632, stack(0x0000005e4ce00000,0x0000005e4cf00000) (1024K)]
  0x00000205e713c7c0 JavaThread "Finalizer"                  daemon [_thread_blocked, id=24464, stack(0x0000005e4cf00000,0x0000005e4d000000) (1024K)]
  0x00000205e713f750 JavaThread "Signal Dispatcher"          daemon [_thread_blocked, id=3192, stack(0x0000005e4d000000,0x0000005e4d100000) (1024K)]
  0x00000205e713fdc0 JavaThread "Attach Listener"            daemon [_thread_blocked, id=16152, stack(0x0000005e4d100000,0x0000005e4d200000) (1024K)]
  0x00000205e7140bd0 JavaThread "Service Thread"             daemon [_thread_blocked, id=12684, stack(0x0000005e4d200000,0x0000005e4d300000) (1024K)]
  0x00000205e7147390 JavaThread "Monitor Deflation Thread"   daemon [_thread_blocked, id=11080, stack(0x0000005e4d300000,0x0000005e4d400000) (1024K)]
=>0x00000205e714e320 JavaThread "C2 CompilerThread0"         daemon [_thread_in_native, id=11652, stack(0x0000005e4d400000,0x0000005e4d500000) (1024K)]
  0x00000205e7151ec0 JavaThread "C1 CompilerThread0"         daemon [_thread_blocked, id=20876, stack(0x0000005e4d500000,0x0000005e4d600000) (1024K)]
  0x00000205e7297310 JavaThread "Notification Thread"        daemon [_thread_blocked, id=20504, stack(0x0000005e4d600000,0x0000005e4d700000) (1024K)]
  0x00000205e729c9b0 JavaThread "Common-Cleaner"             daemon [_thread_blocked, id=22404, stack(0x0000005e4d700000,0x0000005e4d800000) (1024K)]
  0x00000205e78b8ca0 JavaThread "C2 CompilerThread1"         daemon [_thread_blocked, id=6132, stack(0x0000005e4db00000,0x0000005e4dc00000) (1024K)]
Total: 12

Other Threads:
  0x00000205e7123310 VMThread "VM Thread"                           [id=21000, stack(0x0000005e4cd00000,0x0000005e4ce00000) (1024K)]
  0x00000205e711b500 WatcherThread "VM Periodic Task Thread"        [id=14456, stack(0x0000005e4cc00000,0x0000005e4cd00000) (1024K)]
  0x000002058b30b880 WorkerThread "GC Thread#0"                     [id=14904, stack(0x0000005e4c700000,0x0000005e4c800000) (1024K)]
  0x00000205ec005680 WorkerThread "GC Thread#1"                     [id=3540, stack(0x0000005e4d800000,0x0000005e4d900000) (1024K)]
  0x00000205ec006190 WorkerThread "GC Thread#2"                     [id=9200, stack(0x0000005e4d900000,0x0000005e4da00000) (1024K)]
  0x00000205e78faa00 WorkerThread "GC Thread#3"                     [id=21048, stack(0x0000005e4da00000,0x0000005e4db00000) (1024K)]
  0x000002058b3163e0 ConcurrentGCThread "G1 Main Marker"            [id=23104, stack(0x0000005e4c800000,0x0000005e4c900000) (1024K)]
  0x000002058b318dc0 WorkerThread "G1 Conc#0"                       [id=24304, stack(0x0000005e4c900000,0x0000005e4ca00000) (1024K)]
  0x000002058b3744e0 ConcurrentGCThread "G1 Refine#0"               [id=15052, stack(0x0000005e4ca00000,0x0000005e4cb00000) (1024K)]
  0x000002058b377aa0 ConcurrentGCThread "G1 Service"                [id=13056, stack(0x0000005e4cb00000,0x0000005e4cc00000) (1024K)]
Total: 10

Threads with active compile tasks:
C2 CompilerThread0  6921 4339       4       java.lang.invoke.MethodType::makeImpl (109 bytes)
Total: 1

VM state: not at safepoint (normal execution)

VM Mutex/Monitor currently owned by a thread: None

Heap address: 0x00000000c5800000, size: 936 MB, Compressed Oops mode: 32-bit

CDS archive(s) mapped at: [0x00000205a6000000-0x00000205a6d70000-0x00000205a6d70000), size 14090240, SharedBaseAddress: 0x00000205a6000000, ArchiveRelocationMode: 1.
Compressed class space mapped at: 0x00000205a7000000-0x00000205e7000000, reserved size: 1073741824
Narrow klass base: 0x00000205a6000000, Narrow klass shift: 0, Narrow klass range: 0x41000000

GC Precious Log:
 CardTable entry size: 512
 Card Set container configuration: InlinePtr #cards 5 size 8 Array Of Cards #cards 10 size 36 Howl #buckets 4 coarsen threshold 1843 Howl Bitmap #cards 512 size 80 coarsen threshold 460 Card regions per heap region 1 cards per card region 2048
 CPUs: 4 total, 4 available
 Memory: 3738M
 Large Page Support: Disabled
 NUMA Support: Disabled
 Compressed Oops: Enabled (32-bit)
 Heap Region Size: 1M
 Heap Min Capacity: 8M
 Heap Initial Capacity: 60M
 Heap Max Capacity: 936M
 Pre-touch: Disabled
 Parallel Workers: 4
 Concurrent Workers: 1
 Concurrent Refinement Workers: 4
 Periodic GC: Disabled

Heap:
 garbage-first heap   total reserved 958464K, committed 61440K, used 37725K [0x00000000c5800000, 0x0000000100000000)
  region size 1024K, 28 young (28672K), 5 survivors (5120K)
 Metaspace       used 21244K, committed 21504K, reserved 1114112K
  class space    used 2596K, committed 2688K, reserved 1048576K

Heap Regions: E=young(eden), S=young(survivor), O=old, HS=humongous(starts), HC=humongous(continues), CS=collection set, F=free, TAMS=top-at-mark-start, PB=parsable bottom
|   0|0x00000000c5800000, 0x00000000c5900000, 0x00000000c5900000|100%| O|  |TAMS 0x00000000c5800000| PB 0x00000000c5800000| Untracked |  0
|   1|0x00000000c5900000, 0x00000000c5a00000, 0x00000000c5a00000|100%| O|  |TAMS 0x00000000c5900000| PB 0x00000000c5900000| Untracked |  0
|   2|0x00000000c5a00000, 0x00000000c5b00000, 0x00000000c5b00000|100%| O|  |TAMS 0x00000000c5a00000| PB 0x00000000c5a00000| Untracked |  0
|   3|0x00000000c5b00000, 0x00000000c5c00000, 0x00000000c5c00000|100%| O|  |TAMS 0x00000000c5b00000| PB 0x00000000c5b00000| Untracked |  0
|   4|0x00000000c5c00000, 0x00000000c5d00000, 0x00000000c5d00000|100%| O|  |TAMS 0x00000000c5c00000| PB 0x00000000c5c00000| Untracked |  0
|   5|0x00000000c5d00000, 0x00000000c5dd7630, 0x00000000c5e00000| 84%| O|  |TAMS 0x00000000c5d00000| PB 0x00000000c5d00000| Untracked |  0
|   6|0x00000000c5e00000, 0x00000000c5f00000, 0x00000000c5f00000|100%|HS|  |TAMS 0x00000000c5e00000| PB 0x00000000c5e00000| Complete |  0
|   7|0x00000000c5f00000, 0x00000000c6000000, 0x00000000c6000000|100%|HC|  |TAMS 0x00000000c5f00000| PB 0x00000000c5f00000| Complete |  0
|   8|0x00000000c6000000, 0x00000000c6100000, 0x00000000c6100000|100%|HS|  |TAMS 0x00000000c6000000| PB 0x00000000c6000000| Complete |  0
|   9|0x00000000c6100000, 0x00000000c6200000, 0x00000000c6200000|100%|HC|  |TAMS 0x00000000c6100000| PB 0x00000000c6100000| Complete |  0
|  10|0x00000000c6200000, 0x00000000c6200000, 0x00000000c6300000|  0%| F|  |TAMS 0x00000000c6200000| PB 0x00000000c6200000| Untracked |  0
|  11|0x00000000c6300000, 0x00000000c6300000, 0x00000000c6400000|  0%| F|  |TAMS 0x00000000c6300000| PB 0x00000000c6300000| Untracked |  0
|  12|0x00000000c6400000, 0x00000000c6400000, 0x00000000c6500000|  0%| F|  |TAMS 0x00000000c6400000| PB 0x00000000c6400000| Untracked |  0
|  13|0x00000000c6500000, 0x00000000c6500000, 0x00000000c6600000|  0%| F|  |TAMS 0x00000000c6500000| PB 0x00000000c6500000| Untracked |  0
|  14|0x00000000c6600000, 0x00000000c6600000, 0x00000000c6700000|  0%| F|  |TAMS 0x00000000c6600000| PB 0x00000000c6600000| Untracked |  0
|  15|0x00000000c6700000, 0x00000000c6700000, 0x00000000c6800000|  0%| F|  |TAMS 0x00000000c6700000| PB 0x00000000c6700000| Untracked |  0
|  16|0x00000000c6800000, 0x00000000c6800000, 0x00000000c6900000|  0%| F|  |TAMS 0x00000000c6800000| PB 0x00000000c6800000| Untracked |  0
|  17|0x00000000c6900000, 0x00000000c6900000, 0x00000000c6a00000|  0%| F|  |TAMS 0x00000000c6900000| PB 0x00000000c6900000| Untracked |  0
|  18|0x00000000c6a00000, 0x00000000c6a00000, 0x00000000c6b00000|  0%| F|  |TAMS 0x00000000c6a00000| PB 0x00000000c6a00000| Untracked |  0
|  19|0x00000000c6b00000, 0x00000000c6b00000, 0x00000000c6c00000|  0%| F|  |TAMS 0x00000000c6b00000| PB 0x00000000c6b00000| Untracked |  0
|  20|0x00000000c6c00000, 0x00000000c6c00000, 0x00000000c6d00000|  0%| F|  |TAMS 0x00000000c6c00000| PB 0x00000000c6c00000| Untracked |  0
|  21|0x00000000c6d00000, 0x00000000c6e00000, 0x00000000c6e00000|100%| S|CS|TAMS 0x00000000c6d00000| PB 0x00000000c6d00000| Complete |  0
|  22|0x00000000c6e00000, 0x00000000c6f00000, 0x00000000c6f00000|100%| S|CS|TAMS 0x00000000c6e00000| PB 0x00000000c6e00000| Complete |  0
|  23|0x00000000c6f00000, 0x00000000c7000000, 0x00000000c7000000|100%| S|CS|TAMS 0x00000000c6f00000| PB 0x00000000c6f00000| Complete |  0
|  24|0x00000000c7000000, 0x00000000c7100000, 0x00000000c7100000|100%| S|CS|TAMS 0x00000000c7000000| PB 0x00000000c7000000| Complete |  0
|  25|0x00000000c7100000, 0x00000000c7100000, 0x00000000c7200000|  0%| F|  |TAMS 0x00000000c7100000| PB 0x00000000c7100000| Untracked |  0
|  26|0x00000000c7200000, 0x00000000c7200000, 0x00000000c7300000|  0%| F|  |TAMS 0x00000000c7200000| PB 0x00000000c7200000| Untracked |  0
|  27|0x00000000c7300000, 0x00000000c7300000, 0x00000000c7400000|  0%| F|  |TAMS 0x00000000c7300000| PB 0x00000000c7300000| Untracked |  0
|  28|0x00000000c7400000, 0x00000000c7500000, 0x00000000c7500000|100%| S|CS|TAMS 0x00000000c7400000| PB 0x00000000c7400000| Complete |  0
|  29|0x00000000c7500000, 0x00000000c7500000, 0x00000000c7600000|  0%| F|  |TAMS 0x00000000c7500000| PB 0x00000000c7500000| Untracked |  0
|  30|0x00000000c7600000, 0x00000000c7600000, 0x00000000c7700000|  0%| F|  |TAMS 0x00000000c7600000| PB 0x00000000c7600000| Untracked |  0
|  31|0x00000000c7700000, 0x00000000c7700000, 0x00000000c7800000|  0%| F|  |TAMS 0x00000000c7700000| PB 0x00000000c7700000| Untracked |  0
|  32|0x00000000c7800000, 0x00000000c7800000, 0x00000000c7900000|  0%| F|  |TAMS 0x00000000c7800000| PB 0x00000000c7800000| Untracked |  0
|  33|0x00000000c7900000, 0x00000000c7900000, 0x00000000c7a00000|  0%| F|  |TAMS 0x00000000c7900000| PB 0x00000000c7900000| Untracked |  0
|  34|0x00000000c7a00000, 0x00000000c7a00000, 0x00000000c7b00000|  0%| F|  |TAMS 0x00000000c7a00000| PB 0x00000000c7a00000| Untracked |  0
|  35|0x00000000c7b00000, 0x00000000c7b00000, 0x00000000c7c00000|  0%| F|  |TAMS 0x00000000c7b00000| PB 0x00000000c7b00000| Untracked |  0
|  36|0x00000000c7c00000, 0x00000000c7c00000, 0x00000000c7d00000|  0%| F|  |TAMS 0x00000000c7c00000| PB 0x00000000c7c00000| Untracked |  0
|  37|0x00000000c7d00000, 0x00000000c7d80000, 0x00000000c7e00000| 50%| E|  |TAMS 0x00000000c7d00000| PB 0x00000000c7d00000| Complete |  0
|  38|0x00000000c7e00000, 0x00000000c7f00000, 0x00000000c7f00000|100%| E|CS|TAMS 0x00000000c7e00000| PB 0x00000000c7e00000| Complete |  0
|  39|0x00000000c7f00000, 0x00000000c8000000, 0x00000000c8000000|100%| E|CS|TAMS 0x00000000c7f00000| PB 0x00000000c7f00000| Complete |  0
|  40|0x00000000c8000000, 0x00000000c8100000, 0x00000000c8100000|100%| E|CS|TAMS 0x00000000c8000000| PB 0x00000000c8000000| Complete |  0
|  41|0x00000000c8100000, 0x00000000c8200000, 0x00000000c8200000|100%| E|CS|TAMS 0x00000000c8100000| PB 0x00000000c8100000| Complete |  0
|  42|0x00000000c8200000, 0x00000000c8300000, 0x00000000c8300000|100%| E|CS|TAMS 0x00000000c8200000| PB 0x00000000c8200000| Complete |  0
|  43|0x00000000c8300000, 0x00000000c8400000, 0x00000000c8400000|100%| E|CS|TAMS 0x00000000c8300000| PB 0x00000000c8300000| Complete |  0
|  44|0x00000000c8400000, 0x00000000c8500000, 0x00000000c8500000|100%| E|CS|TAMS 0x00000000c8400000| PB 0x00000000c8400000| Complete |  0
|  45|0x00000000c8500000, 0x00000000c8600000, 0x00000000c8600000|100%| E|CS|TAMS 0x00000000c8500000| PB 0x00000000c8500000| Complete |  0
|  46|0x00000000c8600000, 0x00000000c8700000, 0x00000000c8700000|100%| E|CS|TAMS 0x00000000c8600000| PB 0x00000000c8600000| Complete |  0
|  47|0x00000000c8700000, 0x00000000c8800000, 0x00000000c8800000|100%| E|CS|TAMS 0x00000000c8700000| PB 0x00000000c8700000| Complete |  0
|  48|0x00000000c8800000, 0x00000000c8900000, 0x00000000c8900000|100%| E|CS|TAMS 0x00000000c8800000| PB 0x00000000c8800000| Complete |  0
|  49|0x00000000c8900000, 0x00000000c8a00000, 0x00000000c8a00000|100%| E|CS|TAMS 0x00000000c8900000| PB 0x00000000c8900000| Complete |  0
|  50|0x00000000c8a00000, 0x00000000c8b00000, 0x00000000c8b00000|100%| E|CS|TAMS 0x00000000c8a00000| PB 0x00000000c8a00000| Complete |  0
|  51|0x00000000c8b00000, 0x00000000c8c00000, 0x00000000c8c00000|100%| E|CS|TAMS 0x00000000c8b00000| PB 0x00000000c8b00000| Complete |  0
|  52|0x00000000c8c00000, 0x00000000c8d00000, 0x00000000c8d00000|100%| E|CS|TAMS 0x00000000c8c00000| PB 0x00000000c8c00000| Complete |  0
|  53|0x00000000c8d00000, 0x00000000c8e00000, 0x00000000c8e00000|100%| E|CS|TAMS 0x00000000c8d00000| PB 0x00000000c8d00000| Complete |  0
|  54|0x00000000c8e00000, 0x00000000c8f00000, 0x00000000c8f00000|100%| E|CS|TAMS 0x00000000c8e00000| PB 0x00000000c8e00000| Complete |  0
|  55|0x00000000c8f00000, 0x00000000c9000000, 0x00000000c9000000|100%| E|CS|TAMS 0x00000000c8f00000| PB 0x00000000c8f00000| Complete |  0
|  56|0x00000000c9000000, 0x00000000c9100000, 0x00000000c9100000|100%| E|CS|TAMS 0x00000000c9000000| PB 0x00000000c9000000| Complete |  0
|  57|0x00000000c9100000, 0x00000000c9200000, 0x00000000c9200000|100%| E|CS|TAMS 0x00000000c9100000| PB 0x00000000c9100000| Complete |  0
|  58|0x00000000c9200000, 0x00000000c9300000, 0x00000000c9300000|100%| E|CS|TAMS 0x00000000c9200000| PB 0x00000000c9200000| Complete |  0
|  59|0x00000000c9300000, 0x00000000c9400000, 0x00000000c9400000|100%| E|CS|TAMS 0x00000000c9300000| PB 0x00000000c9300000| Complete |  0

Card table byte_map: [0x00000205a2be0000,0x00000205a2dc0000] _byte_map_base: 0x00000205a25b4000

Marking Bits: (CMBitMap*) 0x000002058b30bea0
 Bits: [0x00000205a2dc0000, 0x00000205a3c60000)

Polling page: 0x000002058aa90000

Metaspace:

Usage:
  Non-class:     18.22 MB used.
      Class:      2.54 MB used.
       Both:     20.76 MB used.

Virtual space:
  Non-class space:       64.00 MB reserved,      18.38 MB ( 29%) committed,  1 nodes.
      Class space:        1.00 GB reserved,       2.62 MB ( <1%) committed,  1 nodes.
             Both:        1.06 GB reserved,      21.00 MB (  2%) committed. 

Chunk freelists:
   Non-Class:  13.16 MB
       Class:  13.31 MB
        Both:  26.47 MB

MaxMetaspaceSize: unlimited
CompressedClassSpaceSize: 1.00 GB
Initial GC threshold: 21.00 MB
Current GC threshold: 21.00 MB
CDS: on
 - commit_granule_bytes: 65536.
 - commit_granule_words: 8192.
 - virtual_space_node_default_size: 8388608.
 - enlarge_chunks_in_place: 1.
 - use_allocation_guard: 0.


Internal statistics:

num_allocs_failed_limit: 0.
num_arena_births: 208.
num_arena_deaths: 0.
num_vsnodes_births: 2.
num_vsnodes_deaths: 0.
num_space_committed: 336.
num_space_uncommitted: 0.
num_chunks_returned_to_freelist: 0.
num_chunks_taken_from_freelist: 934.
num_chunk_merges: 0.
num_chunk_splits: 657.
num_chunks_enlarged: 530.
num_inconsistent_stats: 0.

CodeHeap 'non-profiled nmethods': size=120064Kb used=1495Kb max_used=1495Kb free=118568Kb
 bounds [0x000002059b4c0000, 0x000002059b730000, 0x00000205a2a00000]
CodeHeap 'profiled nmethods': size=120000Kb used=6974Kb max_used=6974Kb free=113025Kb
 bounds [0x0000020593a00000, 0x00000205940d0000, 0x000002059af30000]
CodeHeap 'non-nmethods': size=5696Kb used=1560Kb max_used=1577Kb free=4135Kb
 bounds [0x000002059af30000, 0x000002059b1a0000, 0x000002059b4c0000]
CodeCache: size=245760Kb, used=10029Kb, max_used=10046Kb, free=235728Kb
 total_blobs=5055, nmethods=4520, adapters=440, full_count=0
Compilation: enabled, stopped_count=0, restarted_count=0

Compilation events (20 events):
Event: 6.767 Thread 0x00000205e7151ec0 4423       2       com.sun.tools.javac.jvm.Target::lookup (13 bytes)
Event: 6.767 Thread 0x00000205e7151ec0 nmethod 4423 0x00000205940add88 code [0x00000205940adea0, 0x00000205940ae008]
Event: 6.767 Thread 0x00000205e7151ec0 4424       2       com.sun.tools.javac.platform.JDKPlatformProvider::targetNumericVersion (17 bytes)
Event: 6.768 Thread 0x00000205e7151ec0 nmethod 4424 0x00000205940ae088 code [0x00000205940ae1a0, 0x00000205940ae2d0]
Event: 6.768 Thread 0x00000205e7151ec0 4425   !   3       com.sun.tools.javac.platform.JDKPlatformProvider::lambda$static$0 (42 bytes)
Event: 6.768 Thread 0x00000205e7151ec0 nmethod 4425 0x00000205940ae388 code [0x00000205940ae4e0, 0x00000205940ae828]
Event: 6.768 Thread 0x00000205e7151ec0 4426       3       com.sun.tools.javac.platform.JDKPlatformProvider$$Lambda/0x00000205a7277c50::compare (12 bytes)
Event: 6.768 Thread 0x00000205e7151ec0 nmethod 4426 0x00000205940ae888 code [0x00000205940ae9c0, 0x00000205940aeca8]
Event: 6.768 Thread 0x00000205e7151ec0 4427       2       jdk.nio.zipfs.ZipPath::getFileName (94 bytes)
Event: 6.769 Thread 0x00000205e7151ec0 nmethod 4427 0x00000205940aed08 code [0x00000205940aee60, 0x00000205940af270]
Event: 6.769 Thread 0x00000205e7151ec0 4428       2       jdk.nio.zipfs.ZipPath::getFileName (5 bytes)
Event: 6.769 Thread 0x00000205e7151ec0 nmethod 4428 0x00000205940af308 code [0x00000205940af420, 0x00000205940af540]
Event: 6.769 Thread 0x00000205e7151ec0 4429       2       jdk.nio.zipfs.ZipPath::toString (12 bytes)
Event: 6.769 Thread 0x00000205e7151ec0 nmethod 4429 0x00000205940af608 code [0x00000205940af720, 0x00000205940af868]
Event: 6.773 Thread 0x00000205e7151ec0 4430       2       java.lang.Module::implIsExportedOrOpen (92 bytes)
Event: 6.774 Thread 0x00000205e7151ec0 nmethod 4430 0x00000205940af908 code [0x00000205940afa80, 0x00000205940afdd0]
Event: 6.774 Thread 0x00000205e7151ec0 4431       1       java.util.stream.MatchOps$BooleanTerminalSink::cancellationRequested (5 bytes)
Event: 6.774 Thread 0x00000205e7151ec0 nmethod 4431 0x000002059b62a108 code [0x000002059b62a220, 0x000002059b62a2f0]
Event: 6.774 Thread 0x00000205e7151ec0 4432       2       java.nio.ByteBuffer::order (48 bytes)
Event: 6.774 Thread 0x00000205e7151ec0 nmethod 4432 0x00000205940afe08 code [0x00000205940aff20, 0x00000205940b0060]

GC Heap History (10 events):
Event: 0.581 GC heap before
{Heap before GC invocations=0 (full 0):
 garbage-first heap   total reserved 958464K, committed 61440K, used 14336K [0x00000000c5800000, 0x0000000100000000)
  region size 1024K, 14 young (14336K), 0 survivors (0K)
 Metaspace       used 4160K, committed 4352K, reserved 1114112K
  class space    used 447K, committed 576K, reserved 1048576K
}
Event: 0.593 GC heap after
{Heap after GC invocations=1 (full 0):
 garbage-first heap   total reserved 958464K, committed 61440K, used 3392K [0x00000000c5800000, 0x0000000100000000)
  region size 1024K, 2 young (2048K), 2 survivors (2048K)
 Metaspace       used 4160K, committed 4352K, reserved 1114112K
  class space    used 447K, committed 576K, reserved 1048576K
}
Event: 1.134 GC heap before
{Heap before GC invocations=1 (full 0):
 garbage-first heap   total reserved 958464K, committed 61440K, used 16704K [0x00000000c5800000, 0x0000000100000000)
  region size 1024K, 15 young (15360K), 2 survivors (2048K)
 Metaspace       used 6226K, committed 6400K, reserved 1114112K
  class space    used 761K, committed 896K, reserved 1048576K
}
Event: 1.139 GC heap after
{Heap after GC invocations=2 (full 0):
 garbage-first heap   total reserved 958464K, committed 61440K, used 4229K [0x00000000c5800000, 0x0000000100000000)
  region size 1024K, 1 young (1024K), 1 survivors (1024K)
 Metaspace       used 6226K, committed 6400K, reserved 1114112K
  class space    used 761K, committed 896K, reserved 1048576K
}
Event: 2.767 GC heap before
{Heap before GC invocations=2 (full 0):
 garbage-first heap   total reserved 958464K, committed 61440K, used 32901K [0x00000000c5800000, 0x0000000100000000)
  region size 1024K, 29 young (29696K), 1 survivors (1024K)
 Metaspace       used 10437K, committed 10624K, reserved 1114112K
  class space    used 1283K, committed 1408K, reserved 1048576K
}
Event: 2.773 GC heap after
{Heap after GC invocations=3 (full 0):
 garbage-first heap   total reserved 958464K, committed 61440K, used 5798K [0x00000000c5800000, 0x0000000100000000)
  region size 1024K, 3 young (3072K), 3 survivors (3072K)
 Metaspace       used 10437K, committed 10624K, reserved 1114112K
  class space    used 1283K, committed 1408K, reserved 1048576K
}
Event: 4.498 GC heap before
{Heap before GC invocations=3 (full 0):
 garbage-first heap   total reserved 958464K, committed 61440K, used 34470K [0x00000000c5800000, 0x0000000100000000)
  region size 1024K, 31 young (31744K), 3 survivors (3072K)
 Metaspace       used 15468K, committed 15744K, reserved 1114112K
  class space    used 1912K, committed 2048K, reserved 1048576K
}
Event: 4.508 GC heap after
{Heap after GC invocations=4 (full 0):
 garbage-first heap   total reserved 958464K, committed 61440K, used 8269K [0x00000000c5800000, 0x0000000100000000)
  region size 1024K, 4 young (4096K), 4 survivors (4096K)
 Metaspace       used 15468K, committed 15744K, reserved 1114112K
  class space    used 1912K, committed 2048K, reserved 1048576K
}
Event: 5.177 GC heap before
{Heap before GC invocations=4 (full 0):
 garbage-first heap   total reserved 958464K, committed 61440K, used 38989K [0x00000000c5800000, 0x0000000100000000)
  region size 1024K, 34 young (34816K), 4 survivors (4096K)
 Metaspace       used 16994K, committed 17216K, reserved 1114112K
  class space    used 2074K, committed 2176K, reserved 1048576K
}
Event: 5.199 GC heap after
{Heap after GC invocations=5 (full 0):
 garbage-first heap   total reserved 958464K, committed 61440K, used 11101K [0x00000000c5800000, 0x0000000100000000)
  region size 1024K, 5 young (5120K), 5 survivors (5120K)
 Metaspace       used 16994K, committed 17216K, reserved 1114112K
  class space    used 2074K, committed 2176K, reserved 1048576K
}

Dll operation events (8 events):
Event: 0.008 Loaded shared library C:\Users\user pc\Documents\jdk-23.0.1\bin\java.dll
Event: 0.040 Loaded shared library C:\Users\user pc\Documents\jdk-23.0.1\bin\jsvml.dll
Event: 0.059 Loaded shared library C:\Users\user pc\Documents\jdk-23.0.1\bin\net.dll
Event: 0.060 Loaded shared library C:\Users\user pc\Documents\jdk-23.0.1\bin\nio.dll
Event: 0.063 Loaded shared library C:\Users\user pc\Documents\jdk-23.0.1\bin\zip.dll
Event: 0.212 Loaded shared library C:\Program Files\NetBeans-23\netbeans\java\maven\lib\jansi-native\Windows\x86_64\jansi.dll
Event: 0.213 Loaded shared library C:\Users\user pc\Documents\jdk-23.0.1\bin\jimage.dll
Event: 0.227 Loaded shared library C:\Users\user pc\Documents\jdk-23.0.1\bin\verify.dll

Deoptimization events (20 events):
Event: 6.582 Thread 0x00000205890b55f0 Uncommon trap: trap_request=0xffffff45 fr.pc=0x000002059b544c7c relative=0x0000000000000a9c
Event: 6.582 Thread 0x00000205890b55f0 Uncommon trap: reason=unstable_if action=reinterpret pc=0x000002059b544c7c method=jdk.internal.module.SystemModuleFinders$SystemModuleReader.find(Ljava/lang/String;)Ljava/util/Optional; @ 5 c2
Event: 6.582 Thread 0x00000205890b55f0 DEOPT PACKING pc=0x000002059b544c7c sp=0x0000005e4c6fcdd0
Event: 6.582 Thread 0x00000205890b55f0 DEOPT UNPACKING pc=0x000002059af87982 sp=0x0000005e4c6fcda8 mode 2
Event: 6.723 Thread 0x00000205890b55f0 Uncommon trap: trap_request=0xffffff45 fr.pc=0x000002059b4d1030 relative=0x0000000000000190
Event: 6.723 Thread 0x00000205890b55f0 Uncommon trap: reason=unstable_if action=reinterpret pc=0x000002059b4d1030 method=jdk.internal.util.ArraysSupport.vectorizedHashCode(Ljava/lang/Object;IIII)I @ 2 c2
Event: 6.723 Thread 0x00000205890b55f0 DEOPT PACKING pc=0x000002059b4d1030 sp=0x0000005e4c6fc870
Event: 6.723 Thread 0x00000205890b55f0 DEOPT UNPACKING pc=0x000002059af87982 sp=0x0000005e4c6fc820 mode 2
Event: 6.738 Thread 0x00000205890b55f0 Uncommon trap: trap_request=0xffffff45 fr.pc=0x000002059b626698 relative=0x00000000000001f8
Event: 6.738 Thread 0x00000205890b55f0 Uncommon trap: reason=unstable_if action=reinterpret pc=0x000002059b626698 method=jdk.nio.zipfs.ZipFileSystem$IndexNode.normalize([B)[B @ 66 c2
Event: 6.738 Thread 0x00000205890b55f0 DEOPT PACKING pc=0x000002059b626698 sp=0x0000005e4c6fc9b0
Event: 6.738 Thread 0x00000205890b55f0 DEOPT UNPACKING pc=0x000002059af87982 sp=0x0000005e4c6fc918 mode 2
Event: 6.755 Thread 0x00000205890b55f0 DEOPT PACKING pc=0x00000205940a81a4 sp=0x0000005e4c6fc8d0
Event: 6.755 Thread 0x00000205890b55f0 DEOPT UNPACKING pc=0x000002059af884c2 sp=0x0000005e4c6fbd50 mode 0
Event: 6.755 Thread 0x00000205890b55f0 DEOPT PACKING pc=0x00000205940a84cc sp=0x0000005e4c6fc8e0
Event: 6.755 Thread 0x00000205890b55f0 DEOPT UNPACKING pc=0x000002059af884c2 sp=0x0000005e4c6fbd68 mode 0
Event: 6.778 Thread 0x00000205890b55f0 Uncommon trap: trap_request=0xffffff45 fr.pc=0x000002059b628210 relative=0x00000000000000f0
Event: 6.778 Thread 0x00000205890b55f0 Uncommon trap: reason=unstable_if action=reinterpret pc=0x000002059b628210 method=jdk.nio.zipfs.ZipConstants.pkSigAt([BIII)Z @ 5 c2
Event: 6.778 Thread 0x00000205890b55f0 DEOPT PACKING pc=0x000002059b628210 sp=0x0000005e4c6fd710
Event: 6.778 Thread 0x00000205890b55f0 DEOPT UNPACKING pc=0x000002059af87982 sp=0x0000005e4c6fd6b8 mode 2

Classes loaded (20 events):
Event: 6.699 Loading class java/nio/file/attribute/AclFileAttributeView
Event: 6.701 Loading class java/nio/file/attribute/FileOwnerAttributeView
Event: 6.701 Loading class java/nio/file/attribute/FileOwnerAttributeView done
Event: 6.701 Loading class java/nio/file/attribute/AclFileAttributeView done
Event: 6.701 Loading class sun/nio/fs/AbstractAclFileAttributeView done
Event: 6.701 Loading class sun/nio/fs/WindowsAclFileAttributeView done
Event: 6.701 Loading class sun/nio/fs/WindowsSecurity
Event: 6.702 Loading class sun/nio/fs/WindowsSecurity done
Event: 6.702 Loading class sun/nio/fs/WindowsFileStore
Event: 6.703 Loading class sun/nio/fs/WindowsFileStore done
Event: 6.708 Loading class java/nio/file/attribute/PosixFileAttributeView
Event: 6.708 Loading class java/nio/file/attribute/PosixFileAttributeView done
Event: 6.763 Loading class java/nio/file/ClosedDirectoryStreamException
Event: 6.763 Loading class java/nio/file/ClosedDirectoryStreamException done
Event: 6.763 Loading class java/nio/file/DirectoryIteratorException
Event: 6.764 Loading class java/nio/file/DirectoryIteratorException done
Event: 6.771 Loading class java/util/TreeMap$KeySpliterator
Event: 6.772 Loading class java/util/TreeMap$TreeMapSpliterator
Event: 6.773 Loading class java/util/TreeMap$TreeMapSpliterator done
Event: 6.773 Loading class java/util/TreeMap$KeySpliterator done

Classes unloaded (0 events):
No events

Classes redefined (0 events):
No events

Internal exceptions (20 events):
Event: 3.204 Thread 0x00000205890b55f0 Exception <a 'java/lang/NoSuchMethodError'{0x00000000c90ecd20}: 'java.lang.Object java.lang.invoke.Invokers$Holder.invokeExact_MT(java.lang.Object, int, java.lang.Object)'> (0x00000000c90ecd20) 
thrown [s\open\src\hotspot\share\interpreter\linkResolver.cpp, line 796]
Event: 3.953 Thread 0x00000205890b55f0 Exception <a 'java/lang/NoSuchMethodError'{0x00000000c8723238}: 'void java.lang.invoke.Invokers$Holder.invokeExact_MT(java.lang.Object, java.lang.Object, java.lang.Object, java.lang.Object)'> (0x00000000c8723238) 
thrown [s\open\src\hotspot\share\interpreter\linkResolver.cpp, line 796]
Event: 4.031 Thread 0x00000205890b55f0 Exception <a 'java/lang/NoClassDefFoundError'{0x00000000c87b51e0}: com/google/inject/servlet/ServletModuleTargetVisitor> (0x00000000c87b51e0) 
thrown [s\open\src\hotspot\share\classfile\systemDictionary.cpp, line 302]
Event: 4.166 Thread 0x00000205890b55f0 Exception <a 'java/lang/NoSuchMethodError'{0x00000000c84596f0}: 'void java.lang.invoke.DirectMethodHandle$Holder.invokeVirtual(java.lang.Object, java.lang.Object)'> (0x00000000c84596f0) 
thrown [s\open\src\hotspot\share\interpreter\linkResolver.cpp, line 796]
Event: 4.229 Thread 0x00000205890b55f0 Exception <a 'java/lang/NoSuchMethodError'{0x00000000c84e8b80}: 'java.lang.Object java.lang.invoke.DirectMethodHandle$Holder.invokeStaticInit(java.lang.Object, int, int, int, int)'> (0x00000000c84e8b80) 
thrown [s\open\src\hotspot\share\interpreter\linkResolver.cpp, line 796]
Event: 4.328 Thread 0x00000205890b55f0 Exception <a 'java/lang/NoSuchMethodError'{0x00000000c7f874b8}: 'void java.lang.invoke.DirectMethodHandle$Holder.invokeSpecial(java.lang.Object, java.lang.Object, java.lang.Object, java.lang.Object, java.lang.Object)'> (0x00000000c7f874b8) 
thrown [s\open\src\hotspot\share\interpreter\linkResolver.cpp, line 796]
Event: 4.330 Thread 0x00000205890b55f0 Exception <a 'java/lang/NoSuchMethodError'{0x00000000c7fa1b48}: 'java.lang.Object java.lang.invoke.DirectMethodHandle$Holder.invokeVirtual(java.lang.Object, java.lang.Object, java.lang.Object)'> (0x00000000c7fa1b48) 
thrown [s\open\src\hotspot\share\interpreter\linkResolver.cpp, line 796]
Event: 4.332 Thread 0x00000205890b55f0 Exception <a 'java/lang/NoSuchMethodError'{0x00000000c7faefb0}: 'void java.lang.invoke.DirectMethodHandle$Holder.invokeSpecial(java.lang.Object, java.lang.Object, java.lang.Object, java.lang.Object, java.lang.Object, java.lang.Object)'> (0x00000000c7faefb0) 
thrown [s\open\src\hotspot\share\interpreter\linkResolver.cpp, line 796]
Event: 4.354 Thread 0x00000205890b55f0 Exception <a 'java/lang/NoSuchMethodError'{0x00000000c7ec2050}: 'void java.lang.invoke.DirectMethodHandle$Holder.invokeVirtual(java.lang.Object, java.lang.Object, int)'> (0x00000000c7ec2050) 
thrown [s\open\src\hotspot\share\interpreter\linkResolver.cpp, line 796]
Event: 4.355 Thread 0x00000205890b55f0 Exception <a 'java/lang/NoSuchMethodError'{0x00000000c7ec5e68}: 'void java.lang.invoke.DirectMethodHandle$Holder.invokeSpecial(java.lang.Object, java.lang.Object, java.lang.Object, int)'> (0x00000000c7ec5e68) 
thrown [s\open\src\hotspot\share\interpreter\linkResolver.cpp, line 796]
Event: 4.355 Thread 0x00000205890b55f0 Exception <a 'java/lang/NoSuchMethodError'{0x00000000c7ec9550}: 'void java.lang.invoke.DelegatingMethodHandle$Holder.reinvoke_L(java.lang.Object, java.lang.Object, int)'> (0x00000000c7ec9550) 
thrown [s\open\src\hotspot\share\interpreter\linkResolver.cpp, line 796]
Event: 4.557 Thread 0x00000205890b55f0 Implicit null exception at 0x000002059b55c768 to 0x000002059b55c958
Event: 4.557 Thread 0x00000205890b55f0 Implicit null exception at 0x000002059b55d4e8 to 0x000002059b55d6c4
Event: 4.736 Thread 0x00000205890b55f0 Exception <a 'java/lang/NoSuchMethodError'{0x00000000c853c480}: 'java.lang.Object java.lang.invoke.DirectMethodHandle$Holder.newInvokeSpecial(java.lang.Object, java.lang.Object, java.lang.Object, java.lang.Object, java.lang.Object, java.lang.Object, java.lang.Object)'> (0x00000000c853c480) 
thrown [s\open\src\hotspot\share\interpreter\linkResolver.cpp, line 796]
Event: 4.873 Thread 0x00000205890b55f0 Exception <a 'java/lang/NoSuchMethodError'{0x00000000c7d6d4e8}: 'int java.lang.invoke.DirectMethodHandle$Holder.invokeVirtual(java.lang.Object, java.lang.Object)'> (0x00000000c7d6d4e8) 
thrown [s\open\src\hotspot\share\interpreter\linkResolver.cpp, line 796]
Event: 6.078 Thread 0x00000205890b55f0 Exception <a 'java/lang/IncompatibleClassChangeError'{0x00000000c8b56fb0}: Found class java.lang.Object, but interface was expected> (0x00000000c8b56fb0) 
thrown [s\open\src\hotspot\share\interpreter\linkResolver.cpp, line 863]
Event: 6.081 Thread 0x00000205890b55f0 Exception <a 'java/lang/NoSuchMethodError'{0x00000000c8b5c2b8}: 'void java.lang.invoke.DirectMethodHandle$Holder.invokeInterface(java.lang.Object, java.lang.Object, java.lang.Object)'> (0x00000000c8b5c2b8) 
thrown [s\open\src\hotspot\share\interpreter\linkResolver.cpp, line 796]
Event: 6.570 Thread 0x00000205890b55f0 Exception <a 'java/lang/NoSuchMethodError'{0x00000000c8aa1e70}: 'int java.lang.invoke.DirectMethodHandle$Holder.invokeInterface(java.lang.Object, java.lang.Object)'> (0x00000000c8aa1e70) 
thrown [s\open\src\hotspot\share\interpreter\linkResolver.cpp, line 796]
Event: 6.607 Thread 0x00000205890b55f0 Exception <a 'java/lang/NoSuchMethodError'{0x00000000c8711200}: 'int java.lang.invoke.DirectMethodHandle$Holder.invokeVirtual(java.lang.Object, java.lang.Object, java.lang.Object)'> (0x00000000c8711200) 
thrown [s\open\src\hotspot\share\interpreter\linkResolver.cpp, line 796]
Event: 6.685 Thread 0x00000205890b55f0 Exception <a 'java/lang/NoSuchMethodError'{0x00000000c871e278}: 'int java.lang.invoke.DirectMethodHandle$Holder.invokeStaticInit(java.lang.Object, java.lang.Object, java.lang.Object)'> (0x00000000c871e278) 
thrown [s\open\src\hotspot\share\interpreter\linkResolver.cpp, line 796]

VM Operations (20 events):
Event: 4.299 Executing VM operation: HandshakeAllThreads (Deoptimize)
Event: 4.299 Executing VM operation: HandshakeAllThreads (Deoptimize) done
Event: 4.300 Executing VM operation: HandshakeAllThreads (Deoptimize)
Event: 4.300 Executing VM operation: HandshakeAllThreads (Deoptimize) done
Event: 4.498 Executing VM operation: G1CollectForAllocation (G1 Evacuation Pause)
Event: 4.508 Executing VM operation: G1CollectForAllocation (G1 Evacuation Pause) done
Event: 4.895 Executing VM operation: HandshakeAllThreads (Deoptimize)
Event: 4.895 Executing VM operation: HandshakeAllThreads (Deoptimize) done
Event: 5.177 Executing VM operation: G1CollectForAllocation (G1 Evacuation Pause)
Event: 5.199 Executing VM operation: G1CollectForAllocation (G1 Evacuation Pause) done
Event: 6.463 Executing VM operation: HandshakeAllThreads (Deoptimize)
Event: 6.463 Executing VM operation: HandshakeAllThreads (Deoptimize) done
Event: 6.568 Executing VM operation: HandshakeAllThreads (Deoptimize)
Event: 6.569 Executing VM operation: HandshakeAllThreads (Deoptimize) done
Event: 6.690 Executing VM operation: HandshakeAllThreads (Deoptimize)
Event: 6.690 Executing VM operation: HandshakeAllThreads (Deoptimize) done
Event: 6.707 Executing VM operation: HandshakeAllThreads (Deoptimize)
Event: 6.707 Executing VM operation: HandshakeAllThreads (Deoptimize) done
Event: 6.708 Executing VM operation: HandshakeAllThreads (Deoptimize)
Event: 6.708 Executing VM operation: HandshakeAllThreads (Deoptimize) done

Memory protections (0 events):
No events

Nmethod flushes (0 events):
No events

Events (14 events):
Event: 0.027 Thread 0x00000205890b55f0 Thread added: 0x00000205890b55f0
Event: 0.037 Thread 0x00000205890b55f0 Thread added: 0x00000205e713be90
Event: 0.037 Thread 0x00000205890b55f0 Thread added: 0x00000205e713c7c0
Event: 0.038 Thread 0x00000205890b55f0 Thread added: 0x00000205e713f750
Event: 0.038 Thread 0x00000205890b55f0 Thread added: 0x00000205e713fdc0
Event: 0.038 Thread 0x00000205890b55f0 Thread added: 0x00000205e7140bd0
Event: 0.038 Thread 0x00000205890b55f0 Thread added: 0x00000205e7147390
Event: 0.038 Thread 0x00000205890b55f0 Thread added: 0x00000205e714e320
Event: 0.038 Thread 0x00000205890b55f0 Thread added: 0x00000205e7151ec0
Event: 0.053 Thread 0x00000205890b55f0 Thread added: 0x00000205e7297310
Event: 0.056 Thread 0x00000205890b55f0 Thread added: 0x00000205e729c9b0
Event: 0.209 Thread 0x00000205890b55f0 Thread added: 0x00000205e7509810
Event: 0.247 Thread 0x00000205e7509810 Thread exited: 0x00000205e7509810
Event: 6.729 Thread 0x00000205e7151ec0 Thread added: 0x00000205e78b8ca0


Dynamic libraries:
0x00007ff643c80000 - 0x00007ff643c90000 	C:\Users\user pc\Documents\jdk-23.0.1\bin\java.exe
0x00007ffd227f0000 - 0x00007ffd22a07000 	C:\Windows\SYSTEM32\ntdll.dll
0x00007ffcf4940000 - 0x00007ffcf495b000 	C:\Program Files\Avast Software\Avast\aswhook.dll
0x00007ffd215e0000 - 0x00007ffd216a4000 	C:\Windows\System32\KERNEL32.DLL
0x00007ffd1fd40000 - 0x00007ffd20113000 	C:\Windows\System32\KERNELBASE.dll
0x00007ffd1f8e0000 - 0x00007ffd1f9f1000 	C:\Windows\System32\ucrtbase.dll
0x00007ffd15920000 - 0x00007ffd15937000 	C:\Users\user pc\Documents\jdk-23.0.1\bin\jli.dll
0x00007ffd21ae0000 - 0x00007ffd21c91000 	C:\Windows\System32\USER32.dll
0x00007ffd11df0000 - 0x00007ffd11e0b000 	C:\Users\user pc\Documents\jdk-23.0.1\bin\VCRUNTIME140.dll
0x00007ffd1fa00000 - 0x00007ffd1fa26000 	C:\Windows\System32\win32u.dll
0x00007ffd226a0000 - 0x00007ffd226c9000 	C:\Windows\System32\GDI32.dll
0x00007ffd1fab0000 - 0x00007ffd1fbd2000 	C:\Windows\System32\gdi32full.dll
0x00007ffd1fbe0000 - 0x00007ffd1fc7a000 	C:\Windows\System32\msvcp_win.dll
0x00007ffcf4460000 - 0x00007ffcf46fb000 	C:\Windows\WinSxS\amd64_microsoft.windows.common-controls_6595b64144ccf1df_6.0.22621.5262_none_2712bde373830908\COMCTL32.dll
0x00007ffd205b0000 - 0x00007ffd20657000 	C:\Windows\System32\msvcrt.dll
0x00007ffd22660000 - 0x00007ffd22691000 	C:\Windows\System32\IMM32.DLL
0x00007ffd14880000 - 0x00007ffd1488c000 	C:\Users\user pc\Documents\jdk-23.0.1\bin\vcruntime140_1.dll
0x00007ffcfb040000 - 0x00007ffcfb0ce000 	C:\Users\user pc\Documents\jdk-23.0.1\bin\msvcp140.dll
0x00007ffcc6720000 - 0x00007ffcc746f000 	C:\Users\user pc\Documents\jdk-23.0.1\bin\server\jvm.dll
0x00007ffd21340000 - 0x00007ffd213f1000 	C:\Windows\System32\ADVAPI32.dll
0x00007ffd21ca0000 - 0x00007ffd21d47000 	C:\Windows\System32\sechost.dll
0x00007ffd20120000 - 0x00007ffd20148000 	C:\Windows\System32\bcrypt.dll
0x00007ffd217c0000 - 0x00007ffd218d4000 	C:\Windows\System32\RPCRT4.dll
0x00007ffd22730000 - 0x00007ffd227a1000 	C:\Windows\System32\WS2_32.dll
0x00007ffd16940000 - 0x00007ffd16974000 	C:\Windows\SYSTEM32\WINMM.dll
0x00007ffd1f7b0000 - 0x00007ffd1f7fd000 	C:\Windows\SYSTEM32\POWRPROF.dll
0x00007ffd16510000 - 0x00007ffd1651a000 	C:\Windows\SYSTEM32\VERSION.dll
0x00007ffd1f790000 - 0x00007ffd1f7a3000 	C:\Windows\SYSTEM32\UMPDC.dll
0x00007ffd1e8e0000 - 0x00007ffd1e8f8000 	C:\Windows\SYSTEM32\kernel.appcore.dll
0x00007ffd144d0000 - 0x00007ffd144da000 	C:\Users\user pc\Documents\jdk-23.0.1\bin\jimage.dll
0x00007ffd1d390000 - 0x00007ffd1d5c2000 	C:\Windows\SYSTEM32\DBGHELP.DLL
0x00007ffd20700000 - 0x00007ffd20a93000 	C:\Windows\System32\combase.dll
0x00007ffd218f0000 - 0x00007ffd219c7000 	C:\Windows\System32\OLEAUT32.dll
0x00007ffd14fb0000 - 0x00007ffd14fe2000 	C:\Windows\SYSTEM32\dbgcore.DLL
0x00007ffd20290000 - 0x00007ffd2030b000 	C:\Windows\System32\bcryptPrimitives.dll
0x00007ffd0e9d0000 - 0x00007ffd0e9ee000 	C:\Users\user pc\Documents\jdk-23.0.1\bin\java.dll
0x00007ffd21f70000 - 0x00007ffd22111000 	C:\Windows\System32\ole32.dll
0x00007ffd20aa0000 - 0x00007ffd2133d000 	C:\Windows\System32\SHELL32.dll
0x00007ffd20150000 - 0x00007ffd2028f000 	C:\Windows\System32\wintypes.dll
0x00007ffd1d6e0000 - 0x00007ffd1dffd000 	C:\Windows\SYSTEM32\windows.storage.dll
0x00007ffd216b0000 - 0x00007ffd217bb000 	C:\Windows\System32\SHCORE.dll
0x00007ffd225b0000 - 0x00007ffd22616000 	C:\Windows\System32\shlwapi.dll
0x00007ffd1f810000 - 0x00007ffd1f83b000 	C:\Windows\SYSTEM32\profapi.dll
0x00007ffcfa930000 - 0x00007ffcfaa07000 	C:\Users\user pc\Documents\jdk-23.0.1\bin\jsvml.dll
0x00007ffd136b0000 - 0x00007ffd136c0000 	C:\Users\user pc\Documents\jdk-23.0.1\bin\net.dll
0x00007ffd1ed50000 - 0x00007ffd1edba000 	C:\Windows\system32\mswsock.dll
0x00007ffcfb0f0000 - 0x00007ffcfb106000 	C:\Users\user pc\Documents\jdk-23.0.1\bin\nio.dll
0x00007ffcfb0d0000 - 0x00007ffcfb0e7000 	C:\Users\user pc\Documents\jdk-23.0.1\bin\zip.dll
0x00007ffd144a0000 - 0x00007ffd144c4000 	C:\Program Files\NetBeans-23\netbeans\java\maven\lib\jansi-native\Windows\x86_64\jansi.dll
0x00007ffd11de0000 - 0x00007ffd11df0000 	C:\Users\user pc\Documents\jdk-23.0.1\bin\verify.dll

dbghelp: loaded successfully - version: 4.0.5 - missing functions: none
symbol engine: initialized successfully - sym options: 0x614 - pdb path: .;C:\Users\user pc\Documents\jdk-23.0.1\bin;C:\Windows\SYSTEM32;C:\Program Files\Avast Software\Avast;C:\Windows\WinSxS\amd64_microsoft.windows.common-controls_6595b64144ccf1df_6.0.22621.5262_none_2712bde373830908;C:\Users\user pc\Documents\jdk-23.0.1\bin\server;C:\Program Files\NetBeans-23\netbeans\java\maven\lib\jansi-native\Windows\x86_64

VM Arguments:
jvm_args: -Dclassworlds.conf=C:\Program Files\NetBeans-23\netbeans\java\maven\bin\m2.conf -Dmaven.home=C:\Program Files\NetBeans-23\netbeans\java\maven -Dlibrary.jansi.path=C:\Program Files\NetBeans-23\netbeans\java\maven\lib\jansi-native -Dmaven.multiModuleProjectDirectory=C:\Users\user pc\Documents\NetBeansProjects\project 
java_command: org.codehaus.plexus.classworlds.launcher.Launcher -Dexec.vmArgs= -Dexec.args=${exec.vmArgs} -classpath %classpath ${exec.mainClass} ${exec.appArgs} -Dexec.appArgs= -Dexec.mainClass=com.mycompany.project.Main -Dexec.executable=C:\Users\user pc\Documents\jdk-23.0.1\bin\java.exe -Dmaven.ext.class.path=C:\Program Files\NetBeans-23\netbeans\java\maven-nblib\netbeans-eventspy.jar --no-transfer-progress process-classes org.codehaus.mojo:exec-maven-plugin:3.1.0:exec
java_class_path (initial): C:\Program Files\NetBeans-23\netbeans\java\maven\boot\plexus-classworlds-2.8.0.jar
Launcher Type: SUN_STANDARD

[Global flags]
     intx CICompilerCount                          = 3                                         {product} {ergonomic}
     uint ConcGCThreads                            = 1                                         {product} {ergonomic}
     uint G1ConcRefinementThreads                  = 4                                         {product} {ergonomic}
   size_t G1HeapRegionSize                         = 1048576                                   {product} {ergonomic}
   size_t InitialHeapSize                          = 62914560                                  {product} {ergonomic}
   size_t MarkStackSize                            = 4194304                                   {product} {ergonomic}
   size_t MarkStackSizeMax                         = 536870912                                 {product} {ergonomic}
   size_t MaxHeapSize                              = 981467136                                 {product} {ergonomic}
   size_t MaxNewSize                               = 588251136                                 {product} {ergonomic}
   size_t MinHeapDeltaBytes                        = 1048576                                   {product} {ergonomic}
   size_t MinHeapSize                              = 8388608                                   {product} {ergonomic}
    uintx NonNMethodCodeHeapSize                   = 5832704                                {pd product} {ergonomic}
    uintx NonProfiledCodeHeapSize                  = 122945536                              {pd product} {ergonomic}
    uintx ProfiledCodeHeapSize                     = 122880000                              {pd product} {ergonomic}
    uintx ReservedCodeCacheSize                    = 251658240                              {pd product} {ergonomic}
     bool SegmentedCodeCache                       = true                                      {product} {ergonomic}
   size_t SoftMaxHeapSize                          = 981467136                              {manageable} {ergonomic}
     bool UseCompressedOops                        = true                           {product lp64_product} {ergonomic}
     bool UseG1GC                                  = true                                      {product} {ergonomic}
     bool UseLargePagesIndividualAllocation        = false                                  {pd product} {ergonomic}

Logging:
Log output configuration:
 #0: stdout all=warning uptime,level,tags foldmultilines=false
 #1: stderr all=off uptime,level,tags foldmultilines=false

Environment Variables:
JAVA_HOME=C:\Users\user pc\Documents\jdk-23.0.1
PATH=C:\Python312\Scripts\;C:\Python312\;C:\Windows\system32;C:\Windows;C:\Windows\System32\Wbem;C:\Windows\System32\WindowsPowerShell\v1.0\;C:\Windows\System32\OpenSSH\;C:\Program Files\nodejs\;C:\ProgramData\chocolatey\bin;C:\Program Files\Git\cmd;C:\Program Files\dotnet\;C:\Program Files\Microsoft SQL Server\130\Tools\Binn\;C:\Program Files\Microsoft SQL Server\Client SDK\ODBC\170\Tools\Binn\;C:\New folder\ffmpeg-7.1-essentials_build\ffmpeg-7.1-essentials_build;C:\php;C:\Program Files\MySQL\MySQL Server 8.0\bin;C:\Program Files\Java\jdk-23.0.1\bin;C:\Program Files\Java\jdk-23.0.1\bin;C:\Program Files\Maven\apache-maven-3.9.9\bin;C:\Program Files\MySQL\MySQL Shell 8.0\bin\;C:\Users\user pc\AppData\Local\Programs\Python\Python313\Scripts\;C:\Users\user pc\AppData\Local\Programs\Python\Python313\;C:\Users\user pc\AppData\Local\Microsoft\WindowsApps;C:\Users\user pc\AppData\Local\Programs\Microsoft VS Code\bin;C:\Users\user pc\AppData\Roaming\npm;C:\ProgramData\user pc\GitHubDesktop\bin
USERNAME=user pc
OS=Windows_NT
PROCESSOR_IDENTIFIER=Intel64 Family 6 Model 140 Stepping 1, GenuineIntel
TMP=C:\Users\USERPC~1\AppData\Local\Temp
TEMP=C:\Users\USERPC~1\AppData\Local\Temp




Periodic native trim disabled

---------------  S Y S T E M  ---------------

OS:
 Windows 11 , 64 bit Build 22621 (10.0.22621.5262)
OS uptime: 1 days 2:07 hours
Hyper-V role detected

CPU: total 4 (initial active 4) (2 cores per cpu, 2 threads per core) family 6 model 140 stepping 1 microcode 0xb4, cx8, cmov, fxsr, ht, mmx, 3dnowpref, sse, sse2, sse3, ssse3, sse4.1, sse4.2, popcnt, lzcnt, tsc, tscinvbit, avx, avx2, aes, erms, clmul, bmi1, bmi2, adx, avx512f, avx512dq, avx512cd, avx512bw, avx512vl, sha, fma, vzeroupper, avx512_vpopcntdq, avx512_vpclmulqdq, avx512_vaes, avx512_vnni, clflush, clflushopt, clwb, avx512_vbmi2, avx512_vbmi, hv, rdtscp, rdpid, fsrm, gfni, avx512_bitalg, f16c, cet_ibt, cet_ss, avx512_ifma
Processor Information for processor 0
  Max Mhz: 2901, Current Mhz: 2901, Mhz Limit: 2901
Processor Information for processor 1
  Max Mhz: 2901, Current Mhz: 1100, Mhz Limit: 2901
Processor Information for processor 2
  Max Mhz: 2901, Current Mhz: 2901, Mhz Limit: 2901
Processor Information for processor 3
  Max Mhz: 2901, Current Mhz: 2901, Mhz Limit: 2901

Memory: 4k page, system-wide physical 3738M (541M free)
TotalPageFile size 9944M (AvailPageFile size 3M)
current process WorkingSet (physical memory assigned to process): 153M, peak: 153M
current process commit charge ("private bytes"): 193M, peak: 193M

vm_info: Java HotSpot(TM) 64-Bit Server VM (23.0.1+11-39) for windows-amd64 JRE (23.0.1+11-39), built on 2024-09-30T07:20:43Z with MS VC++ 17.6 (VS2022)

END.
